[0305/175622.374:ERROR:crash_report_database_win.cc(568)] CreateDirectory C:\Program Files (x86)\reports: Accès refusé. (0x5)
[0305/175622.379:ERROR:registration_protocol_win.cc(84)] TransactNamedPipe: Le canal de communication a été fermé. (0x6D)
[0305/175622.380:ERROR:crash_report_database_win.cc(568)] CreateDirectory C:\Program Files (x86)\reports: Accès refusé. (0x5)
[0305/175858.895:ERROR:crash_report_database_win.cc(568)] CreateDirectory C:\Program Files (x86)\reports: Accès refusé. (0x5)
[0305/175858.900:ERROR:registration_protocol_win.cc(84)] TransactNamedPipe: Le canal de communication a été fermé. (0x6D)
[0305/175858.901:ERROR:crash_report_database_win.cc(568)] CreateDirectory C:\Program Files (x86)\reports: Accès refusé. (0x5)
[0306/095203.232:ERROR:crash_report_database_win.cc(568)] CreateDirectory C:\Program Files (x86)\reports: Accès refusé. (0x5)
[0306/095203.248:ERROR:registration_protocol_win.cc(84)] TransactNamedPipe: Le canal de communication a été fermé. (0x6D)
[0306/095203.248:ERROR:crash_report_database_win.cc(568)] CreateDirectory C:\Program Files (x86)\reports: Accès refusé. (0x5)
[0306/115804.265:ERROR:crash_report_database_win.cc(568)] CreateDirectory C:\Program Files (x86)\reports: Accès refusé. (0x5)
[0306/115804.281:ERROR:registration_protocol_win.cc(84)] TransactNamedPipe: Le canal de communication a été fermé. (0x6D)
[0306/115804.282:ERROR:crash_report_database_win.cc(568)] CreateDirectory C:\Program Files (x86)\reports: Accès refusé. (0x5)
[0306/122105.429:ERROR:crash_report_database_win.cc(568)] CreateDirectory C:\Program Files (x86)\reports: Accès refusé. (0x5)
[0306/122105.435:ERROR:registration_protocol_win.cc(84)] TransactNamedPipe: Le canal de communication a été fermé. (0x6D)
[0306/122105.437:ERROR:crash_report_database_win.cc(568)] CreateDirectory C:\Program Files (x86)\reports: Accès refusé. (0x5)
[0306/122145.083:ERROR:crash_report_database_win.cc(568)] CreateDirectory C:\Program Files (x86)\reports: Accès refusé. (0x5)
[0306/122145.089:ERROR:registration_protocol_win.cc(84)] TransactNamedPipe: Le canal de communication a été fermé. (0x6D)
[0306/122145.091:ERROR:crash_report_database_win.cc(568)] CreateDirectory C:\Program Files (x86)\reports: Accès refusé. (0x5)
[0306/163940.062:ERROR:crash_report_database_win.cc(568)] CreateDirectory C:\Program Files (x86)\reports: Accès refusé. (0x5)
[0306/163940.067:ERROR:registration_protocol_win.cc(84)] TransactNamedPipe: Le canal de communication a été fermé. (0x6D)
[0306/163940.069:ERROR:crash_report_database_win.cc(568)] CreateDirectory C:\Program Files (x86)\reports: Accès refusé. (0x5)
[0306/164110.252:ERROR:crash_report_database_win.cc(568)] CreateDirectory C:\Program Files (x86)\reports: Accès refusé. (0x5)
[0306/164110.257:ERROR:registration_protocol_win.cc(84)] TransactNamedPipe: Le canal de communication a été fermé. (0x6D)
[0306/164110.258:ERROR:crash_report_database_win.cc(568)] CreateDirectory C:\Program Files (x86)\reports: Accès refusé. (0x5)
[0306/165232.195:ERROR:crash_report_database_win.cc(568)] CreateDirectory C:\Program Files (x86)\reports: Accès refusé. (0x5)
[0306/165232.201:ERROR:registration_protocol_win.cc(84)] TransactNamedPipe: Le canal de communication a été fermé. (0x6D)
[0306/165232.203:ERROR:crash_report_database_win.cc(568)] CreateDirectory C:\Program Files (x86)\reports: Accès refusé. (0x5)
[0306/165755.359:ERROR:crash_report_database_win.cc(568)] CreateDirectory C:\Program Files (x86)\reports: Accès refusé. (0x5)
[0306/165755.364:ERROR:registration_protocol_win.cc(84)] TransactNamedPipe: Le canal de communication a été fermé. (0x6D)
[0306/165755.365:ERROR:crash_report_database_win.cc(568)] CreateDirectory C:\Program Files (x86)\reports: Accès refusé. (0x5)
[0307/095217.744:ERROR:crash_report_database_win.cc(568)] CreateDirectory C:\Program Files (x86)\reports: Accès refusé. (0x5)
[0307/095217.744:ERROR:registration_protocol_win.cc(84)] TransactNamedPipe: Le canal de communication a été fermé. (0x6D)
[0307/095217.744:ERROR:crash_report_database_win.cc(568)] CreateDirectory C:\Program Files (x86)\reports: Accès refusé. (0x5)
[0307/095306.371:ERROR:crash_report_database_win.cc(568)] CreateDirectory C:\Program Files (x86)\reports: Accès refusé. (0x5)
[0307/095306.371:ERROR:registration_protocol_win.cc(84)] TransactNamedPipe: Le canal de communication a été fermé. (0x6D)
[0307/095306.371:ERROR:crash_report_database_win.cc(568)] CreateDirectory C:\Program Files (x86)\reports: Accès refusé. (0x5)
[0307/095552.301:ERROR:crash_report_database_win.cc(568)] CreateDirectory C:\Program Files (x86)\reports: Accès refusé. (0x5)
[0307/095552.301:ERROR:registration_protocol_win.cc(84)] TransactNamedPipe: Le canal de communication a été fermé. (0x6D)
[0307/095552.301:ERROR:crash_report_database_win.cc(568)] CreateDirectory C:\Program Files (x86)\reports: Accès refusé. (0x5)
[0307/110019.501:ERROR:crash_report_database_win.cc(568)] CreateDirectory C:\Program Files (x86)\reports: Accès refusé. (0x5)
[0307/110019.507:ERROR:registration_protocol_win.cc(84)] TransactNamedPipe: Le canal de communication a été fermé. (0x6D)
[0307/110019.509:ERROR:crash_report_database_win.cc(568)] CreateDirectory C:\Program Files (x86)\reports: Accès refusé. (0x5)
[0307/151621.540:ERROR:crash_report_database_win.cc(568)] CreateDirectory C:\Program Files (x86)\reports: Accès refusé. (0x5)
[0307/151621.545:ERROR:registration_protocol_win.cc(84)] TransactNamedPipe: Le canal de communication a été fermé. (0x6D)
[0307/151621.547:ERROR:crash_report_database_win.cc(568)] CreateDirectory C:\Program Files (x86)\reports: Accès refusé. (0x5)
[0307/160538.177:ERROR:crash_report_database_win.cc(568)] CreateDirectory C:\Program Files (x86)\reports: Accès refusé. (0x5)
[0307/160538.182:ERROR:registration_protocol_win.cc(84)] TransactNamedPipe: Le canal de communication a été fermé. (0x6D)
[0307/160538.184:ERROR:crash_report_database_win.cc(568)] CreateDirectory C:\Program Files (x86)\reports: Accès refusé. (0x5)
[0307/162513.560:ERROR:crash_report_database_win.cc(568)] CreateDirectory C:\Program Files (x86)\reports: Accès refusé. (0x5)
[0307/162513.565:ERROR:registration_protocol_win.cc(84)] TransactNamedPipe: Le canal de communication a été fermé. (0x6D)
[0307/162513.566:ERROR:crash_report_database_win.cc(568)] CreateDirectory C:\Program Files (x86)\reports: Accès refusé. (0x5)
[0308/094712.929:ERROR:crash_report_database_win.cc(568)] CreateDirectory C:\Program Files (x86)\reports: Accès refusé. (0x5)
[0308/094712.929:ERROR:registration_protocol_win.cc(84)] TransactNamedPipe: Le canal de communication a été fermé. (0x6D)
[0308/094712.945:ERROR:crash_report_database_win.cc(568)] CreateDirectory C:\Program Files (x86)\reports: Accès refusé. (0x5)
[0308/095136.916:ERROR:crash_report_database_win.cc(568)] CreateDirectory C:\Program Files (x86)\reports: Accès refusé. (0x5)
[0308/095136.919:ERROR:registration_protocol_win.cc(84)] TransactNamedPipe: Le canal de communication a été fermé. (0x6D)
[0308/095136.921:ERROR:crash_report_database_win.cc(568)] CreateDirectory C:\Program Files (x86)\reports: Accès refusé. (0x5)
[0308/095234.931:ERROR:crash_report_database_win.cc(568)] CreateDirectory C:\Program Files (x86)\reports: Accès refusé. (0x5)
[0308/095234.939:ERROR:registration_protocol_win.cc(84)] TransactNamedPipe: Le canal de communication a été fermé. (0x6D)
[0308/095234.941:ERROR:crash_report_database_win.cc(568)] CreateDirectory C:\Program Files (x86)\reports: Accès refusé. (0x5)
[0308/095342.544:ERROR:crash_report_database_win.cc(568)] CreateDirectory C:\Program Files (x86)\reports: Accès refusé. (0x5)
[0308/095342.544:ERROR:registration_protocol_win.cc(84)] TransactNamedPipe: Le canal de communication a été fermé. (0x6D)
[0308/095342.544:ERROR:crash_report_database_win.cc(568)] CreateDirectory C:\Program Files (x86)\reports: Accès refusé. (0x5)
[0308/095514.901:ERROR:crash_report_database_win.cc(568)] CreateDirectory C:\Program Files (x86)\reports: Accès refusé. (0x5)
[0308/095514.916:ERROR:registration_protocol_win.cc(84)] TransactNamedPipe: Le canal de communication a été fermé. (0x6D)
[0308/095514.916:ERROR:crash_report_database_win.cc(568)] CreateDirectory C:\Program Files (x86)\reports: Accès refusé. (0x5)
[0308/100249.522:ERROR:crash_report_database_win.cc(568)] CreateDirectory C:\Program Files (x86)\reports: Accès refusé. (0x5)
[0308/100249.522:ERROR:registration_protocol_win.cc(84)] TransactNamedPipe: Le canal de communication a été fermé. (0x6D)
[0308/100249.537:ERROR:crash_report_database_win.cc(568)] CreateDirectory C:\Program Files (x86)\reports: Accès refusé. (0x5)
[0308/100737.051:ERROR:crash_report_database_win.cc(568)] CreateDirectory C:\Program Files (x86)\reports: Accès refusé. (0x5)
[0308/100737.065:ERROR:registration_protocol_win.cc(84)] TransactNamedPipe: Le canal de communication a été fermé. (0x6D)
[0308/100737.067:ERROR:crash_report_database_win.cc(568)] CreateDirectory C:\Program Files (x86)\reports: Accès refusé. (0x5)
[0308/101239.583:ERROR:crash_report_database_win.cc(568)] CreateDirectory C:\Program Files (x86)\reports: Accès refusé. (0x5)
[0308/101239.615:ERROR:registration_protocol_win.cc(84)] TransactNamedPipe: Le canal de communication a été fermé. (0x6D)
[0308/101239.617:ERROR:crash_report_database_win.cc(568)] CreateDirectory C:\Program Files (x86)\reports: Accès refusé. (0x5)
[0308/161855.659:ERROR:crash_report_database_win.cc(568)] CreateDirectory C:\Program Files (x86)\reports: Accès refusé. (0x5)
[0308/161855.730:ERROR:registration_protocol_win.cc(84)] TransactNamedPipe: Le canal de communication a été fermé. (0x6D)
[0308/161855.732:ERROR:crash_report_database_win.cc(568)] CreateDirectory C:\Program Files (x86)\reports: Accès refusé. (0x5)
[0308/163534.483:ERROR:crash_report_database_win.cc(568)] CreateDirectory C:\Program Files (x86)\reports: Accès refusé. (0x5)
[0308/163534.489:ERROR:registration_protocol_win.cc(84)] TransactNamedPipe: Le canal de communication a été fermé. (0x6D)
[0308/163534.491:ERROR:crash_report_database_win.cc(568)] CreateDirectory C:\Program Files (x86)\reports: Accès refusé. (0x5)
[0308/163932.626:ERROR:crash_report_database_win.cc(568)] CreateDirectory C:\Program Files (x86)\reports: Accès refusé. (0x5)
[0308/163932.631:ERROR:registration_protocol_win.cc(84)] TransactNamedPipe: Le canal de communication a été fermé. (0x6D)
[0308/163932.632:ERROR:crash_report_database_win.cc(568)] CreateDirectory C:\Program Files (x86)\reports: Accès refusé. (0x5)
[0308/164108.446:ERROR:crash_report_database_win.cc(568)] CreateDirectory C:\Program Files (x86)\reports: Accès refusé. (0x5)
[0308/164108.451:ERROR:registration_protocol_win.cc(84)] TransactNamedPipe: Le canal de communication a été fermé. (0x6D)
[0308/164108.452:ERROR:crash_report_database_win.cc(568)] CreateDirectory C:\Program Files (x86)\reports: Accès refusé. (0x5)
[0308/170434.524:ERROR:crash_report_database_win.cc(568)] CreateDirectory C:\Program Files (x86)\reports: Accès refusé. (0x5)
[0308/170434.536:ERROR:registration_protocol_win.cc(84)] TransactNamedPipe: Le canal de communication a été fermé. (0x6D)
[0308/170434.537:ERROR:crash_report_database_win.cc(568)] CreateDirectory C:\Program Files (x86)\reports: Accès refusé. (0x5)
[0308/170526.756:ERROR:crash_report_database_win.cc(568)] CreateDirectory C:\Program Files (x86)\reports: Accès refusé. (0x5)
[0308/170526.769:ERROR:registration_protocol_win.cc(84)] TransactNamedPipe: Le canal de communication a été fermé. (0x6D)
[0308/170526.771:ERROR:crash_report_database_win.cc(568)] CreateDirectory C:\Program Files (x86)\reports: Accès refusé. (0x5)
[0308/171758.941:ERROR:crash_report_database_win.cc(568)] CreateDirectory C:\Program Files (x86)\reports: Accès refusé. (0x5)
[0308/171758.945:ERROR:registration_protocol_win.cc(84)] TransactNamedPipe: Le canal de communication a été fermé. (0x6D)
[0308/171758.946:ERROR:crash_report_database_win.cc(568)] CreateDirectory C:\Program Files (x86)\reports: Accès refusé. (0x5)
[0308/172321.069:ERROR:crash_report_database_win.cc(568)] CreateDirectory C:\Program Files (x86)\reports: Accès refusé. (0x5)
[0308/172321.104:ERROR:registration_protocol_win.cc(84)] TransactNamedPipe: Le canal de communication a été fermé. (0x6D)
[0308/172321.106:ERROR:crash_report_database_win.cc(568)] CreateDirectory C:\Program Files (x86)\reports: Accès refusé. (0x5)
[0308/172613.015:ERROR:crash_report_database_win.cc(568)] CreateDirectory C:\Program Files (x86)\reports: Accès refusé. (0x5)
[0308/172613.031:ERROR:registration_protocol_win.cc(84)] TransactNamedPipe: Le canal de communication a été fermé. (0x6D)
[0308/172613.032:ERROR:crash_report_database_win.cc(568)] CreateDirectory C:\Program Files (x86)\reports: Accès refusé. (0x5)
[0308/172643.541:ERROR:crash_report_database_win.cc(568)] CreateDirectory C:\Program Files (x86)\reports: Accès refusé. (0x5)
[0308/172643.548:ERROR:registration_protocol_win.cc(84)] TransactNamedPipe: Le canal de communication a été fermé. (0x6D)
[0308/172643.550:ERROR:crash_report_database_win.cc(568)] CreateDirectory C:\Program Files (x86)\reports: Accès refusé. (0x5)
[0308/172754.443:ERROR:crash_report_database_win.cc(568)] CreateDirectory C:\Program Files (x86)\reports: Accès refusé. (0x5)
[0308/172754.447:ERROR:registration_protocol_win.cc(84)] TransactNamedPipe: Le canal de communication a été fermé. (0x6D)
[0308/172754.448:ERROR:crash_report_database_win.cc(568)] CreateDirectory C:\Program Files (x86)\reports: Accès refusé. (0x5)
[0308/173005.532:ERROR:crash_report_database_win.cc(568)] CreateDirectory C:\Program Files (x86)\reports: Accès refusé. (0x5)
[0308/173005.537:ERROR:registration_protocol_win.cc(84)] TransactNamedPipe: Le canal de communication a été fermé. (0x6D)
[0308/173005.539:ERROR:crash_report_database_win.cc(568)] CreateDirectory C:\Program Files (x86)\reports: Accès refusé. (0x5)
[0308/173505.592:ERROR:crash_report_database_win.cc(568)] CreateDirectory C:\Program Files (x86)\reports: Accès refusé. (0x5)
[0308/173505.596:ERROR:registration_protocol_win.cc(84)] TransactNamedPipe: Le canal de communication a été fermé. (0x6D)
[0308/173505.597:ERROR:crash_report_database_win.cc(568)] CreateDirectory C:\Program Files (x86)\reports: Accès refusé. (0x5)
[0308/180420.022:ERROR:crash_report_database_win.cc(568)] CreateDirectory C:\Program Files (x86)\reports: Accès refusé. (0x5)
[0308/180420.022:ERROR:registration_protocol_win.cc(84)] TransactNamedPipe: Le canal de communication a été fermé. (0x6D)
[0308/180420.022:ERROR:crash_report_database_win.cc(568)] CreateDirectory C:\Program Files (x86)\reports: Accès refusé. (0x5)
[0308/180531.244:ERROR:crash_report_database_win.cc(568)] CreateDirectory C:\Program Files (x86)\reports: Accès refusé. (0x5)
[0308/180531.250:ERROR:registration_protocol_win.cc(84)] TransactNamedPipe: Le canal de communication a été fermé. (0x6D)
[0308/180531.251:ERROR:crash_report_database_win.cc(568)] CreateDirectory C:\Program Files (x86)\reports: Accès refusé. (0x5)
[0308/180557.726:ERROR:crash_report_database_win.cc(568)] CreateDirectory C:\Program Files (x86)\reports: Accès refusé. (0x5)
[0308/180557.732:ERROR:registration_protocol_win.cc(84)] TransactNamedPipe: Le canal de communication a été fermé. (0x6D)
[0308/180557.733:ERROR:crash_report_database_win.cc(568)] CreateDirectory C:\Program Files (x86)\reports: Accès refusé. (0x5)
[0308/180701.192:ERROR:crash_report_database_win.cc(568)] CreateDirectory C:\Program Files (x86)\reports: Accès refusé. (0x5)
[0308/180701.227:ERROR:registration_protocol_win.cc(84)] TransactNamedPipe: Le canal de communication a été fermé. (0x6D)
[0308/180701.228:ERROR:crash_report_database_win.cc(568)] CreateDirectory C:\Program Files (x86)\reports: Accès refusé. (0x5)
[0309/151300.084:ERROR:crash_report_database_win.cc(568)] CreateDirectory C:\Program Files (x86)\reports: Accès refusé. (0x5)
[0309/151300.089:ERROR:registration_protocol_win.cc(84)] TransactNamedPipe: Le canal de communication a été fermé. (0x6D)
[0309/151300.090:ERROR:crash_report_database_win.cc(568)] CreateDirectory C:\Program Files (x86)\reports: Accès refusé. (0x5)
[0309/162339.491:ERROR:crash_report_database_win.cc(568)] CreateDirectory C:\Program Files (x86)\reports: Accès refusé. (0x5)
[0309/162339.508:ERROR:registration_protocol_win.cc(84)] TransactNamedPipe: Le canal de communication a été fermé. (0x6D)
[0309/162339.509:ERROR:crash_report_database_win.cc(568)] CreateDirectory C:\Program Files (x86)\reports: Accès refusé. (0x5)
[0309/171933.975:ERROR:crash_report_database_win.cc(568)] CreateDirectory C:\Program Files (x86)\reports: Accès refusé. (0x5)
[0309/171933.981:ERROR:registration_protocol_win.cc(84)] TransactNamedPipe: Le canal de communication a été fermé. (0x6D)
[0309/171933.982:ERROR:crash_report_database_win.cc(568)] CreateDirectory C:\Program Files (x86)\reports: Accès refusé. (0x5)
[0319/100348.353:ERROR:crash_report_database_win.cc(568)] CreateDirectory C:\Program Files (x86)\reports: Accès refusé. (0x5)
[0319/100348.384:ERROR:registration_protocol_win.cc(84)] TransactNamedPipe: Le canal de communication a été fermé. (0x6D)
[0319/100348.400:ERROR:crash_report_database_win.cc(568)] CreateDirectory C:\Program Files (x86)\reports: Accès refusé. (0x5)
[0319/164630.313:ERROR:crash_report_database_win.cc(568)] CreateDirectory C:\Program Files (x86)\reports: Accès refusé. (0x5)
[0319/164630.317:ERROR:registration_protocol_win.cc(84)] TransactNamedPipe: Le canal de communication a été fermé. (0x6D)
[0319/164630.319:ERROR:crash_report_database_win.cc(568)] CreateDirectory C:\Program Files (x86)\reports: Accès refusé. (0x5)
[0319/171859.938:ERROR:crash_report_database_win.cc(568)] CreateDirectory C:\Program Files (x86)\reports: Accès refusé. (0x5)
[0319/171859.943:ERROR:registration_protocol_win.cc(84)] TransactNamedPipe: Le canal de communication a été fermé. (0x6D)
[0319/171859.944:ERROR:crash_report_database_win.cc(568)] CreateDirectory C:\Program Files (x86)\reports: Accès refusé. (0x5)
[0321/090849.401:ERROR:crash_report_database_win.cc(568)] CreateDirectory C:\Program Files (x86)\reports: Accès refusé. (0x5)
[0321/090849.415:ERROR:registration_protocol_win.cc(84)] TransactNamedPipe: Le canal de communication a été fermé. (0x6D)
[0321/090849.416:ERROR:crash_report_database_win.cc(568)] CreateDirectory C:\Program Files (x86)\reports: Accès refusé. (0x5)
[0321/102454.407:ERROR:crash_report_database_win.cc(568)] CreateDirectory C:\Program Files (x86)\reports: Accès refusé. (0x5)
[0321/102454.412:ERROR:registration_protocol_win.cc(84)] TransactNamedPipe: Le canal de communication a été fermé. (0x6D)
[0321/102454.414:ERROR:crash_report_database_win.cc(568)] CreateDirectory C:\Program Files (x86)\reports: Accès refusé. (0x5)
[0321/105051.122:ERROR:crash_report_database_win.cc(568)] CreateDirectory C:\Program Files (x86)\reports: Accès refusé. (0x5)
[0321/105051.127:ERROR:registration_protocol_win.cc(84)] TransactNamedPipe: Le canal de communication a été fermé. (0x6D)
[0321/105051.129:ERROR:crash_report_database_win.cc(568)] CreateDirectory C:\Program Files (x86)\reports: Accès refusé. (0x5)
[0321/154922.498:ERROR:crash_report_database_win.cc(568)] CreateDirectory C:\Program Files (x86)\reports: Accès refusé. (0x5)
[0321/154922.502:ERROR:registration_protocol_win.cc(84)] TransactNamedPipe: Le canal de communication a été fermé. (0x6D)
[0321/154922.504:ERROR:crash_report_database_win.cc(568)] CreateDirectory C:\Program Files (x86)\reports: Accès refusé. (0x5)
[0321/155516.793:ERROR:crash_report_database_win.cc(568)] CreateDirectory C:\Program Files (x86)\reports: Accès refusé. (0x5)
[0321/155516.798:ERROR:registration_protocol_win.cc(84)] TransactNamedPipe: Le canal de communication a été fermé. (0x6D)
[0321/155516.800:ERROR:crash_report_database_win.cc(568)] CreateDirectory C:\Program Files (x86)\reports: Accès refusé. (0x5)
[0321/171140.052:ERROR:crash_report_database_win.cc(568)] CreateDirectory C:\Program Files (x86)\reports: Accès refusé. (0x5)
[0321/171140.057:ERROR:registration_protocol_win.cc(84)] TransactNamedPipe: Le canal de communication a été fermé. (0x6D)
[0321/171140.059:ERROR:crash_report_database_win.cc(568)] CreateDirectory C:\Program Files (x86)\reports: Accès refusé. (0x5)
[0321/171728.004:ERROR:crash_report_database_win.cc(568)] CreateDirectory C:\Program Files (x86)\reports: Accès refusé. (0x5)
[0321/171728.010:ERROR:registration_protocol_win.cc(84)] TransactNamedPipe: Le canal de communication a été fermé. (0x6D)
[0321/171728.011:ERROR:crash_report_database_win.cc(568)] CreateDirectory C:\Program Files (x86)\reports: Accès refusé. (0x5)
[0322/091247.732:ERROR:crash_report_database_win.cc(568)] CreateDirectory C:\Program Files (x86)\reports: Accès refusé. (0x5)
[0322/091247.732:ERROR:registration_protocol_win.cc(84)] TransactNamedPipe: Le canal de communication a été fermé. (0x6D)
[0322/091247.732:ERROR:crash_report_database_win.cc(568)] CreateDirectory C:\Program Files (x86)\reports: Accès refusé. (0x5)
[0322/091719.540:ERROR:crash_report_database_win.cc(568)] CreateDirectory C:\Program Files (x86)\reports: Accès refusé. (0x5)
[0322/091719.544:ERROR:registration_protocol_win.cc(84)] TransactNamedPipe: Le canal de communication a été fermé. (0x6D)
[0322/091719.545:ERROR:crash_report_database_win.cc(568)] CreateDirectory C:\Program Files (x86)\reports: Accès refusé. (0x5)
[0322/110910.312:ERROR:crash_report_database_win.cc(568)] CreateDirectory C:\Program Files (x86)\reports: Accès refusé. (0x5)
[0322/110910.319:ERROR:registration_protocol_win.cc(84)] TransactNamedPipe: Le canal de communication a été fermé. (0x6D)
[0322/110910.321:ERROR:crash_report_database_win.cc(568)] CreateDirectory C:\Program Files (x86)\reports: Accès refusé. (0x5)
[0322/124756.093:ERROR:crash_report_database_win.cc(568)] CreateDirectory C:\Program Files (x86)\reports: Accès refusé. (0x5)
[0322/124756.098:ERROR:registration_protocol_win.cc(84)] TransactNamedPipe: Le canal de communication a été fermé. (0x6D)
[0322/124756.100:ERROR:crash_report_database_win.cc(568)] CreateDirectory C:\Program Files (x86)\reports: Accès refusé. (0x5)
[0322/142542.212:ERROR:crash_report_database_win.cc(568)] CreateDirectory C:\Program Files (x86)\reports: Accès refusé. (0x5)
[0322/142542.218:ERROR:registration_protocol_win.cc(84)] TransactNamedPipe: Le canal de communication a été fermé. (0x6D)
[0322/142542.219:ERROR:crash_report_database_win.cc(568)] CreateDirectory C:\Program Files (x86)\reports: Accès refusé. (0x5)
[0322/163653.319:ERROR:crash_report_database_win.cc(568)] CreateDirectory C:\Program Files (x86)\reports: Accès refusé. (0x5)
[0322/163653.325:ERROR:registration_protocol_win.cc(84)] TransactNamedPipe: Le canal de communication a été fermé. (0x6D)
[0322/163653.327:ERROR:crash_report_database_win.cc(568)] CreateDirectory C:\Program Files (x86)\reports: Accès refusé. (0x5)
[0322/164330.155:ERROR:crash_report_database_win.cc(568)] CreateDirectory C:\Program Files (x86)\reports: Accès refusé. (0x5)
[0322/164330.162:ERROR:registration_protocol_win.cc(84)] TransactNamedPipe: Le canal de communication a été fermé. (0x6D)
[0322/164330.164:ERROR:crash_report_database_win.cc(568)] CreateDirectory C:\Program Files (x86)\reports: Accès refusé. (0x5)
[0322/165300.305:ERROR:crash_report_database_win.cc(568)] CreateDirectory C:\Program Files (x86)\reports: Accès refusé. (0x5)
[0322/165300.315:ERROR:registration_protocol_win.cc(84)] TransactNamedPipe: Le canal de communication a été fermé. (0x6D)
[0322/165300.316:ERROR:crash_report_database_win.cc(568)] CreateDirectory C:\Program Files (x86)\reports: Accès refusé. (0x5)
[0322/165927.991:ERROR:crash_report_database_win.cc(568)] CreateDirectory C:\Program Files (x86)\reports: Accès refusé. (0x5)
[0322/165927.997:ERROR:registration_protocol_win.cc(84)] TransactNamedPipe: Le canal de communication a été fermé. (0x6D)
[0322/165927.998:ERROR:crash_report_database_win.cc(568)] CreateDirectory C:\Program Files (x86)\reports: Accès refusé. (0x5)
[0322/204804.685:ERROR:process_info.cc(350)] VirtualQueryEx: Accès refusé. (0x5)
[0322/204804.686:ERROR:process_info.cc(571)] ReadMemoryInfo failed
[0322/204804.690:ERROR:process_reader_win.cc(151)] SuspendThread: Accès refusé. (0x5)
[0322/204804.690:ERROR:exception_snapshot_win.cc(88)] thread ID 10956 not found in process
[0322/204804.690:WARNING:crash_report_exception_handler.cc(62)] ProcessSnapshotWin::Initialize failed
[0322/204804.690:ERROR:scoped_process_suspend.cc(40)] NtResumeProcess: Tentative d’accès à un processus en cours d’arrêt. (0xc000010a)
[0323/092859.311:ERROR:crash_report_database_win.cc(568)] CreateDirectory C:\Program Files (x86)\reports: Accès refusé. (0x5)
[0323/092859.315:ERROR:registration_protocol_win.cc(84)] TransactNamedPipe: Le canal de communication a été fermé. (0x6D)
[0323/092859.317:ERROR:crash_report_database_win.cc(568)] CreateDirectory C:\Program Files (x86)\reports: Accès refusé. (0x5)
[0323/112120.183:ERROR:crash_report_database_win.cc(568)] CreateDirectory C:\Program Files (x86)\reports: Accès refusé. (0x5)
[0323/112120.205:ERROR:registration_protocol_win.cc(84)] TransactNamedPipe: Le canal de communication a été fermé. (0x6D)
[0323/112120.208:ERROR:crash_report_database_win.cc(568)] CreateDirectory C:\Program Files (x86)\reports: Accès refusé. (0x5)
[0323/161643.415:ERROR:crash_report_database_win.cc(568)] CreateDirectory C:\Program Files (x86)\reports: Accès refusé. (0x5)
[0323/161643.419:ERROR:registration_protocol_win.cc(84)] TransactNamedPipe: Le canal de communication a été fermé. (0x6D)
[0323/161643.421:ERROR:crash_report_database_win.cc(568)] CreateDirectory C:\Program Files (x86)\reports: Accès refusé. (0x5)
[0323/161916.859:ERROR:crash_report_database_win.cc(568)] CreateDirectory C:\Program Files (x86)\reports: Accès refusé. (0x5)
[0323/161916.864:ERROR:registration_protocol_win.cc(84)] TransactNamedPipe: Le canal de communication a été fermé. (0x6D)
[0323/161916.866:ERROR:crash_report_database_win.cc(568)] CreateDirectory C:\Program Files (x86)\reports: Accès refusé. (0x5)
[0323/162345.141:ERROR:crash_report_database_win.cc(568)] CreateDirectory C:\Program Files (x86)\reports: Accès refusé. (0x5)
[0323/162345.145:ERROR:registration_protocol_win.cc(84)] TransactNamedPipe: Le canal de communication a été fermé. (0x6D)
[0323/162345.147:ERROR:crash_report_database_win.cc(568)] CreateDirectory C:\Program Files (x86)\reports: Accès refusé. (0x5)
[0323/162552.399:ERROR:crash_report_database_win.cc(568)] CreateDirectory C:\Program Files (x86)\reports: Accès refusé. (0x5)
[0323/162552.403:ERROR:registration_protocol_win.cc(84)] TransactNamedPipe: Le canal de communication a été fermé. (0x6D)
[0323/162552.405:ERROR:crash_report_database_win.cc(568)] CreateDirectory C:\Program Files (x86)\reports: Accès refusé. (0x5)
[0323/162846.511:ERROR:crash_report_database_win.cc(568)] CreateDirectory C:\Program Files (x86)\reports: Accès refusé. (0x5)
[0323/162846.515:ERROR:registration_protocol_win.cc(84)] TransactNamedPipe: Le canal de communication a été fermé. (0x6D)
[0323/162846.517:ERROR:crash_report_database_win.cc(568)] CreateDirectory C:\Program Files (x86)\reports: Accès refusé. (0x5)
[0323/170652.559:ERROR:crash_report_database_win.cc(568)] CreateDirectory C:\Program Files (x86)\reports: Accès refusé. (0x5)
[0323/170652.566:ERROR:registration_protocol_win.cc(84)] TransactNamedPipe: Le canal de communication a été fermé. (0x6D)
[0323/170652.568:ERROR:crash_report_database_win.cc(568)] CreateDirectory C:\Program Files (x86)\reports: Accès refusé. (0x5)
[0323/174101.676:ERROR:crash_report_database_win.cc(568)] CreateDirectory C:\Program Files (x86)\reports: Accès refusé. (0x5)
[0323/174101.684:ERROR:registration_protocol_win.cc(84)] TransactNamedPipe: Le canal de communication a été fermé. (0x6D)
[0323/174101.686:ERROR:crash_report_database_win.cc(568)] CreateDirectory C:\Program Files (x86)\reports: Accès refusé. (0x5)
[0403/095428.440:ERROR:crash_report_database_win.cc(568)] CreateDirectory C:\Program Files (x86)\reports: Accès refusé. (0x5)
[0403/095428.446:ERROR:registration_protocol_win.cc(84)] TransactNamedPipe: Le canal de communication a été fermé. (0x6D)
[0403/095428.448:ERROR:crash_report_database_win.cc(568)] CreateDirectory C:\Program Files (x86)\reports: Accès refusé. (0x5)
[0403/095823.390:ERROR:crash_report_database_win.cc(568)] CreateDirectory C:\Program Files (x86)\reports: Accès refusé. (0x5)
[0403/095823.394:ERROR:registration_protocol_win.cc(84)] TransactNamedPipe: Le canal de communication a été fermé. (0x6D)
[0403/095823.396:ERROR:crash_report_database_win.cc(568)] CreateDirectory C:\Program Files (x86)\reports: Accès refusé. (0x5)
[0403/113726.450:ERROR:crash_report_database_win.cc(568)] CreateDirectory C:\Program Files (x86)\reports: Accès refusé. (0x5)
[0403/113726.456:ERROR:registration_protocol_win.cc(84)] TransactNamedPipe: Le canal de communication a été fermé. (0x6D)
[0403/113726.457:ERROR:crash_report_database_win.cc(568)] CreateDirectory C:\Program Files (x86)\reports: Accès refusé. (0x5)
[0403/142958.472:ERROR:crash_report_database_win.cc(568)] CreateDirectory C:\Program Files (x86)\reports: Accès refusé. (0x5)
[0403/142958.479:ERROR:registration_protocol_win.cc(84)] TransactNamedPipe: Le canal de communication a été fermé. (0x6D)
[0403/142958.481:ERROR:crash_report_database_win.cc(568)] CreateDirectory C:\Program Files (x86)\reports: Accès refusé. (0x5)
[0403/144830.706:ERROR:crash_report_database_win.cc(568)] CreateDirectory C:\Program Files (x86)\reports: Accès refusé. (0x5)
[0403/144830.711:ERROR:registration_protocol_win.cc(84)] TransactNamedPipe: Le canal de communication a été fermé. (0x6D)
[0403/144830.712:ERROR:crash_report_database_win.cc(568)] CreateDirectory C:\Program Files (x86)\reports: Accès refusé. (0x5)
