2018-04-04 18:09:11 +0000 [MT] Initial pipeline context: <IDEDistributionProcessingPipelineContext: 0x7fb54b86b710; archive(resolved)='<IDEArchive: 0x7fb54b725060>', distributionTask(resolved)='2', distributionMethod(resolved)='<IDEDistributionMethodDevelopmentSigned: 0x7fb54b72a460>', team(resolved)='<IDEProvisioningBasicTeam 0x7fb548fef960: teamID: BDH42X36SC, teamName: QUORUM SAS>'>
	Chain (11, self inclusive):
	<IDEDistributionProcessingPipelineContext: 0x7fb54b86b710; archive = '<IDEArchive: 0x7fb54b725060>', distributionMethod='<IDEDistributionMethodDevelopmentSigned: 0x7fb54b72a460>', team='<IDEProvisioningBasicTeam 0x7fb548fef960: teamID: BDH42X36SC, teamName: QUORUM SAS>'>
	<IDEDistributionProcessingPipelineContext: 0x7fb54b861af0; archive = '<IDEArchive: 0x7fb54b725060>', distributionMethod='<IDEDistributionMethodDevelopmentSigned: 0x7fb54b72a460>', team='<IDEProvisioningBasicTeam 0x7fb548fef960: teamID: BDH42X36SC, teamName: QUORUM SAS>'>
	<IDEDistributionContext: 0x7fb54b84f7c0; archive = '<IDEArchive: 0x7fb54b725060>', distributionMethod='<IDEDistributionMethodDevelopmentSigned: 0x7fb54b72a460>', team='<IDEProvisioningBasicTeam 0x7fb548fef960: teamID: BDH42X36SC, teamName: QUORUM SAS>'>
	<IDEDistributionContext: 0x7fb54b865910; archive = '<IDEArchive: 0x7fb54b725060>', distributionMethod='<IDEDistributionMethodDevelopmentSigned: 0x7fb54b72a460>', team='<IDEProvisioningBasicTeam 0x7fb548fef960: teamID: BDH42X36SC, teamName: QUORUM SAS>'>
	<IDEDistributionContext: 0x7fb54b833d60; archive = '<IDEArchive: 0x7fb54b725060>', distributionMethod='<IDEDistributionMethodDevelopmentSigned: 0x7fb54b72a460>', team='<IDEProvisioningBasicTeam 0x7fb548fef960: teamID: BDH42X36SC, teamName: QUORUM SAS>'>
	<IDEDistributionContext: 0x7fb54b86e9e0; archive = '<IDEArchive: 0x7fb54b725060>', distributionMethod='<IDEDistributionMethodDevelopmentSigned: 0x7fb54b72a460>', team='<IDEProvisioningBasicTeam 0x7fb548fef960: teamID: BDH42X36SC, teamName: QUORUM SAS>'>
	<IDEDistributionContext: 0x7fb54b83bcb0; archive = '<IDEArchive: 0x7fb54b725060>', distributionMethod='<IDEDistributionMethodDevelopmentSigned: 0x7fb54b72a460>', team='<IDEProvisioningBasicTeam 0x7fb548fef960: teamID: BDH42X36SC, teamName: QUORUM SAS>'>
	<IDEDistributionContext: 0x7fb548fdcd70; archive = '<IDEArchive: 0x7fb54b725060>', distributionMethod='<IDEDistributionMethodDevelopmentSigned: 0x7fb54b72a460>', team='<IDEProvisioningBasicTeam 0x7fb548fef960: teamID: BDH42X36SC, teamName: QUORUM SAS>'>
	<IDEDistributionContext: 0x7fb54b758c20; archive = '<IDEArchive: 0x7fb54b725060>', distributionMethod='<IDEDistributionMethodDevelopmentSigned: 0x7fb54b72a460>', team='<IDEProvisioningBasicTeam 0x7fb548fef960: teamID: BDH42X36SC, teamName: QUORUM SAS>'>
	<IDEDistributionContext: 0x7fb548d97cf0; archive = '<IDEArchive: 0x7fb54b725060>', distributionMethod='<IDEDistributionMethodDevelopmentSigned: 0x7fb54b72a460>', team='(null)'>
	<IDEDistributionContext: 0x7fb54b66b820; archive = '<IDEArchive: 0x7fb54b725060>', distributionMethod='(null)', team='(null)'>
</IDEDistributionProcessingPipelineContext: 0x7fb54b86b710>
2018-04-04 18:09:11 +0000 [MT] Processing step: IDEDistributionCreateDestRootStep
2018-04-04 18:09:11 +0000 [MT] Processing step: IDEDistributionCopyItemStep
2018-04-04 18:09:11 +0000 [MT] Running /usr/bin/ditto '-V' '/Applications/MAMP/htdocs/test_carto/digiteld/easy-lunch-carole/EasyLunch/platforms/ios/EasyLunch.xcarchive/Products/Applications/EasyLunch.app' '/var/folders/kb/6s06kg49211138ldfn3kk6yh0000gn/T/XcodeDistPipeline.qiC/Root/Payload/EasyLunch.app'
2018-04-04 18:09:11 +0000  >>> Copying /Applications/MAMP/htdocs/test_carto/digiteld/easy-lunch-carole/EasyLunch/platforms/ios/EasyLunch.xcarchive/Products/Applications/EasyLunch.app 
2018-04-04 18:09:11 +0000  copying file ./_CodeSignature/CodeResources ... 
2018-04-04 18:09:11 +0000  45469 bytes for ./_CodeSignature/CodeResources
2018-04-04 18:09:11 +0000  copying file ./LaunchImage@2x.png ... 
2018-04-04 18:09:11 +0000  22897 bytes for ./LaunchImage@2x.png
copying file ./MainViewController.nib ... 
2018-04-04 18:09:11 +0000  943 bytes for ./MainViewController.nib
copying file ./LaunchImage-568h@2x.png ... 
2018-04-04 18:09:11 +0000  42752 bytes for ./LaunchImage-568h@2x.png
2018-04-04 18:09:11 +0000  copying file ./LaunchImage-800-667h@2x.png ... 
2018-04-04 18:09:11 +0000  54257 bytes for ./LaunchImage-800-667h@2x.png
2018-04-04 18:09:11 +0000  copying file ./LaunchImage-Portrait@2x~ipad.png ... 
2018-04-04 18:09:11 +0000  151156 bytes for ./LaunchImage-Portrait@2x~ipad.png
copying file ./LaunchImage-Portrait~ipad.png ... 
2018-04-04 18:09:11 +0000  27730 bytes for ./LaunchImage-Portrait~ipad.png
2018-04-04 18:09:11 +0000  copying file ./EasyLunch ... 
2018-04-04 18:09:11 +0000  2719344 bytes for ./EasyLunch
2018-04-04 18:09:11 +0000  copying file ./config.xml ... 
2018-04-04 18:09:11 +0000  6771 bytes for ./config.xml
2018-04-04 18:09:11 +0000  copying file ./www/index.html ... 
1939 bytes for ./www/index.html
copying file ./www/cordova.js ... 
2018-04-04 18:09:11 +0000  78044 bytes for ./www/cordova.js
2018-04-04 18:09:11 +0000  copying file ./www/plugins/cordova-plugin-ionic-webview/src/www/ios/ios-wkwebview-exec.js ... 
2018-04-04 18:09:11 +0000  6167 bytes for ./www/plugins/cordova-plugin-ionic-webview/src/www/ios/ios-wkwebview-exec.js
2018-04-04 18:09:11 +0000  copying file ./www/plugins/cordova-plugin-device/www/device.js ... 
2018-04-04 18:09:11 +0000  3070 bytes for ./www/plugins/cordova-plugin-device/www/device.js
copying file ./www/plugins/cordova-plugin-geolocation/www/geolocation.js ... 
2018-04-04 18:09:11 +0000  8660 bytes for ./www/plugins/cordova-plugin-geolocation/www/geolocation.js
copying file ./www/plugins/cordova-plugin-geolocation/www/PositionError.js ... 
2018-04-04 18:09:11 +0000  1377 bytes for ./www/plugins/cordova-plugin-geolocation/www/PositionError.js
copying file ./www/plugins/cordova-plugin-geolocation/www/Coordinates.js ... 
2018-04-04 18:09:11 +0000  2076 bytes for ./www/plugins/cordova-plugin-geolocation/www/Coordinates.js
2018-04-04 18:09:11 +0000  copying file ./www/plugins/cordova-plugin-geolocation/www/Position.js ... 
2018-04-04 18:09:11 +0000  1359 bytes for ./www/plugins/cordova-plugin-geolocation/www/Position.js
2018-04-04 18:09:11 +0000  copying file ./www/plugins/cordova-sqlite-storage/www/SQLitePlugin.js ... 
2018-04-04 18:09:11 +0000  32970 bytes for ./www/plugins/cordova-sqlite-storage/www/SQLitePlugin.js
2018-04-04 18:09:11 +0000  copying file ./www/plugins/ionic-plugin-keyboard/www/ios/keyboard.js ... 
2018-04-04 18:09:11 +0000  1108 bytes for ./www/plugins/ionic-plugin-keyboard/www/ios/keyboard.js
copying file ./www/plugins/cordova-plugin-statusbar/www/statusbar.js ... 
3376 bytes for ./www/plugins/cordova-plugin-statusbar/www/statusbar.js
copying file ./www/plugins/cordova-plugin-splashscreen/www/splashscreen.js ... 
1173 bytes for ./www/plugins/cordova-plugin-splashscreen/www/splashscreen.js
copying file ./www/bouncemarker.js ... 
2018-04-04 18:09:11 +0000  6787 bytes for ./www/bouncemarker.js
2018-04-04 18:09:11 +0000  copying file ./www/leaflet.smoothmarkerbouncing.js ... 
2018-04-04 18:09:11 +0000  33821 bytes for ./www/leaflet.smoothmarkerbouncing.js
2018-04-04 18:09:11 +0000  copying file ./www/cordova-js-src/exec.js ... 
2018-04-04 18:09:11 +0000  8877 bytes for ./www/cordova-js-src/exec.js
2018-04-04 18:09:11 +0000  copying file ./www/cordova-js-src/plugin/ios/logger.js ... 
2018-04-04 18:09:11 +0000  10233 bytes for ./www/cordova-js-src/plugin/ios/logger.js
copying file ./www/cordova-js-src/plugin/ios/console.js ... 
2018-04-04 18:09:11 +0000  6822 bytes for ./www/cordova-js-src/plugin/ios/console.js
2018-04-04 18:09:11 +0000  copying file ./www/cordova-js-src/platform.js ... 
2018-04-04 18:09:11 +0000  1168 bytes for ./www/cordova-js-src/platform.js
copying file ./www/manifest.json ... 
2018-04-04 18:09:11 +0000  266 bytes for ./www/manifest.json
copying file ./www/cordova_plugins.js ... 
2018-04-04 18:09:11 +0000  2707 bytes for ./www/cordova_plugins.js
copying file ./www/service-worker.js ... 
741 bytes for ./www/service-worker.js
copying file ./www/build/main.js.map ... 
2018-04-04 18:09:11 +0000  118381 bytes for ./www/build/main.js.map
copying file ./www/build/main.css.map ... 
2018-04-04 18:09:11 +0000  4 bytes for ./www/build/main.css.map
2018-04-04 18:09:11 +0000  copying file ./www/build/polyfills.js ... 
2018-04-04 18:09:11 +0000  97180 bytes for ./www/build/polyfills.js
copying file ./www/build/main.css ... 
2018-04-04 18:09:11 +0000  585223 bytes for ./www/build/main.css
copying file ./www/build/vendor.js ... 
2018-04-04 18:09:11 +0000  5691279 bytes for ./www/build/vendor.js
copying file ./www/build/main.js ... 
2018-04-04 18:09:11 +0000  141780 bytes for ./www/build/main.js
copying file ./www/build/sw-toolbox.js ... 
2018-04-04 18:09:11 +0000  15793 bytes for ./www/build/sw-toolbox.js
copying file ./www/build/vendor.js.map ... 
2018-04-04 18:09:11 +0000  6723198 bytes for ./www/build/vendor.js.map
2018-04-04 18:09:11 +0000  copying file ./www/assets/imgs/pattern-little.svg ... 
2018-04-04 18:09:11 +0000  4047 bytes for ./www/assets/imgs/pattern-little.svg
2018-04-04 18:09:11 +0000  copying file ./www/assets/imgs/pattern.svg ... 
2018-04-04 18:09:11 +0000  8675 bytes for ./www/assets/imgs/pattern.svg
2018-04-04 18:09:11 +0000  copying file ./www/assets/imgs/code-empty.png ... 
2018-04-04 18:09:11 +0000  39910 bytes for ./www/assets/imgs/code-empty.png
2018-04-04 18:09:11 +0000  copying file ./www/assets/imgs/pin.png ... 
1059 bytes for ./www/assets/imgs/pin.png
copying file ./www/assets/imgs/carte.svg ... 
2018-04-04 18:09:11 +0000  3193 bytes for ./www/assets/imgs/carte.svg
copying file ./www/assets/imgs/food.jpg ... 
2018-04-04 18:09:11 +0000  1027121 bytes for ./www/assets/imgs/food.jpg
2018-04-04 18:09:11 +0000  copying file ./www/assets/imgs/bg-login.png ... 
2018-04-04 18:09:11 +0000  40095 bytes for ./www/assets/imgs/bg-login.png
copying file ./www/assets/imgs/logo.png ... 
2018-04-04 18:09:11 +0000  39757 bytes for ./www/assets/imgs/logo.png
copying file ./www/assets/imgs/code-complete.png ... 
2018-04-04 18:09:11 +0000  58750 bytes for ./www/assets/imgs/code-complete.png
2018-04-04 18:09:11 +0000  copying file ./www/assets/icon/users2.svg ... 
1617 bytes for ./www/assets/icon/users2.svg
copying file ./www/assets/icon/mes-infos.svg ... 
2018-04-04 18:09:11 +0000  1010 bytes for ./www/assets/icon/mes-infos.svg
copying file ./www/assets/icon/jeparticipe-orange.svg ... 
2018-04-04 18:09:11 +0000  1454 bytes for ./www/assets/icon/jeparticipe-orange.svg
copying file ./www/assets/icon/favicon.ico ... 
2018-04-04 18:09:11 +0000  1981 bytes for ./www/assets/icon/favicon.ico
copying file ./www/assets/icon/jeparticipe-outline.svg ... 
1232 bytes for ./www/assets/icon/jeparticipe-outline.svg
copying file ./www/assets/icon/compte-orange.svg ... 
2018-04-04 18:09:11 +0000  1218 bytes for ./www/assets/icon/compte-orange.svg
copying file ./www/assets/icon/paiement.svg ... 
2018-04-04 18:09:11 +0000  606 bytes for ./www/assets/icon/paiement.svg
copying file ./www/assets/icon/logo-easylunch.svg ... 
2018-04-04 18:09:11 +0000  7959 bytes for ./www/assets/icon/logo-easylunch.svg
copying file ./www/assets/icon/jorganise-outline.svg ... 
2018-04-04 18:09:11 +0000  1251 bytes for ./www/assets/icon/jorganise-outline.svg
copying file ./www/assets/icon/reservations-outline.svg ... 
1006 bytes for ./www/assets/icon/reservations-outline.svg
2018-04-04 18:09:11 +0000  copying file ./www/assets/icon/compte-outline.svg ... 
2018-04-04 18:09:11 +0000  996 bytes for ./www/assets/icon/compte-outline.svg
2018-04-04 18:09:11 +0000  copying file ./www/assets/icon/envelope.svg ... 
577 bytes for ./www/assets/icon/envelope.svg
copying file ./www/assets/icon/pin.svg ... 
2058 bytes for ./www/assets/icon/pin.svg
copying file ./www/assets/icon/Google+.svg ... 
2018-04-04 18:09:11 +0000  22118 bytes for ./www/assets/icon/Google+.svg
2018-04-04 18:09:11 +0000  copying file ./www/assets/icon/a-propos.svg ... 
1124 bytes for ./www/assets/icon/a-propos.svg
copying file ./www/assets/icon/jorganise-orange.svg ... 
1251 bytes for ./www/assets/icon/jorganise-orange.svg
copying file ./www/assets/icon/check.svg ... 
2018-04-04 18:09:11 +0000  327 bytes for ./www/assets/icon/check.svg
copying file ./www/assets/icon/email.svg ... 
2018-04-04 18:09:11 +0000  577 bytes for ./www/assets/icon/email.svg
2018-04-04 18:09:11 +0000  copying file ./www/assets/icon/clock2.svg ... 
2018-04-04 18:09:11 +0000  554 bytes for ./www/assets/icon/clock2.svg
copying file ./www/assets/icon/add.svg ... 
2018-04-04 18:09:11 +0000  268 bytes for ./www/assets/icon/add.svg
copying file ./www/assets/icon/cloche.svg ... 
2018-04-04 18:09:11 +0000  1124 bytes for ./www/assets/icon/cloche.svg
copying file ./www/assets/icon/arrow-left-grey.svg ... 
2018-04-04 18:09:11 +0000  358 bytes for ./www/assets/icon/arrow-left-grey.svg
2018-04-04 18:09:11 +0000  copying file ./www/assets/icon/compte.svg ... 
2018-04-04 18:09:11 +0000  996 bytes for ./www/assets/icon/compte.svg
2018-04-04 18:09:11 +0000  copying file ./www/assets/icon/platdujour.svg ... 
2018-04-04 18:09:11 +0000  1195 bytes for ./www/assets/icon/platdujour.svg
2018-04-04 18:09:11 +0000  copying file ./www/assets/icon/Facebook.svg ... 
2018-04-04 18:09:11 +0000  1107 bytes for ./www/assets/icon/Facebook.svg
2018-04-04 18:09:11 +0000  copying file ./www/assets/icon/reservations.svg ... 
2018-04-04 18:09:11 +0000  1006 bytes for ./www/assets/icon/reservations.svg
2018-04-04 18:09:11 +0000  copying file ./www/assets/icon/faq.svg ... 
2018-04-04 18:09:11 +0000  1987 bytes for ./www/assets/icon/faq.svg
2018-04-04 18:09:11 +0000  copying file ./www/assets/icon/clock.svg ... 
2018-04-04 18:09:11 +0000  551 bytes for ./www/assets/icon/clock.svg
2018-04-04 18:09:11 +0000  copying file ./www/assets/icon/jorganise.svg ... 
1177 bytes for ./www/assets/icon/jorganise.svg
copying file ./www/assets/icon/phone.svg ... 
2018-04-04 18:09:11 +0000  1324 bytes for ./www/assets/icon/phone.svg
2018-04-04 18:09:11 +0000  copying file ./www/assets/icon/jeparticipe.svg ... 
2018-04-04 18:09:11 +0000  1232 bytes for ./www/assets/icon/jeparticipe.svg
2018-04-04 18:09:11 +0000  copying file ./www/assets/icon/pin2.svg ... 
2018-04-04 18:09:11 +0000  2055 bytes for ./www/assets/icon/pin2.svg
copying file ./www/assets/icon/remove.svg ... 
2018-04-04 18:09:11 +0000  212 bytes for ./www/assets/icon/remove.svg
2018-04-04 18:09:11 +0000  copying file ./www/assets/icon/error.svg ... 
2018-04-04 18:09:11 +0000  947 bytes for ./www/assets/icon/error.svg
2018-04-04 18:09:11 +0000  copying file ./www/assets/icon/check3.svg ... 
336 bytes for ./www/assets/icon/check3.svg
copying file ./www/assets/icon/check2.svg ... 
330 bytes for ./www/assets/icon/check2.svg
copying file ./www/assets/icon/password.svg ... 
2018-04-04 18:09:11 +0000  548 bytes for ./www/assets/icon/password.svg
copying file ./www/assets/icon/users.svg ... 
2018-04-04 18:09:11 +0000  1614 bytes for ./www/assets/icon/users.svg
copying file ./www/assets/icon/arrow-left-white.svg ... 
2018-04-04 18:09:11 +0000  759 bytes for ./www/assets/icon/arrow-left-white.svg
copying file ./www/assets/icon/reservations-orange.svg ... 
1228 bytes for ./www/assets/icon/reservations-orange.svg
copying file ./www/assets/fonts/roboto-medium.ttf ... 
2018-04-04 18:09:11 +0000  19752 bytes for ./www/assets/fonts/roboto-medium.ttf
2018-04-04 18:09:11 +0000  copying file ./www/assets/fonts/roboto-light.woff2 ... 
2018-04-04 18:09:11 +0000  10220 bytes for ./www/assets/fonts/roboto-light.woff2
2018-04-04 18:09:11 +0000  copying file ./www/assets/fonts/roboto-light.ttf ... 
2018-04-04 18:09:11 +0000  19908 bytes for ./www/assets/fonts/roboto-light.ttf
copying file ./www/assets/fonts/roboto-regular.woff2 ... 
2018-04-04 18:09:11 +0000  10196 bytes for ./www/assets/fonts/roboto-regular.woff2
copying file ./www/assets/fonts/roboto-regular.woff ... 
2018-04-04 18:09:11 +0000  13308 bytes for ./www/assets/fonts/roboto-regular.woff
2018-04-04 18:09:11 +0000  copying file ./www/assets/fonts/noto-sans-bold.ttf ... 
2018-04-04 18:09:11 +0000  415132 bytes for ./www/assets/fonts/noto-sans-bold.ttf
copying file ./www/assets/fonts/ionicons.eot ... 
2018-04-04 18:09:11 +0000  144114 bytes for ./www/assets/fonts/ionicons.eot
2018-04-04 18:09:11 +0000  copying file ./www/assets/fonts/noto-sans-bold.woff ... 
2018-04-04 18:09:11 +0000  211888 bytes for ./www/assets/fonts/noto-sans-bold.woff
copying file ./www/assets/fonts/roboto-light.woff ... 
2018-04-04 18:09:11 +0000  13360 bytes for ./www/assets/fonts/roboto-light.woff
copying file ./www/assets/fonts/roboto-medium.woff2 ... 
2018-04-04 18:09:11 +0000  10192 bytes for ./www/assets/fonts/roboto-medium.woff2
copying file ./www/assets/fonts/ionicons.woff ... 
2018-04-04 18:09:11 +0000  80356 bytes for ./www/assets/fonts/ionicons.woff
copying file ./www/assets/fonts/roboto-regular.ttf ... 
2018-04-04 18:09:11 +0000  19876 bytes for ./www/assets/fonts/roboto-regular.ttf
copying file ./www/assets/fonts/ionicons.ttf ... 
2018-04-04 18:09:11 +0000  143936 bytes for ./www/assets/fonts/ionicons.ttf
copying file ./www/assets/fonts/roboto-bold.woff2 ... 
2018-04-04 18:09:11 +0000  10212 bytes for ./www/assets/fonts/roboto-bold.woff2
copying file ./www/assets/fonts/noto-sans.scss ... 
1282 bytes for ./www/assets/fonts/noto-sans.scss
copying file ./www/assets/fonts/roboto.scss ... 
1458 bytes for ./www/assets/fonts/roboto.scss
copying file ./www/assets/fonts/montserrat.1.woff2 ... 
2018-04-04 18:09:11 +0000  13248 bytes for ./www/assets/fonts/montserrat.1.woff2
copying file ./www/assets/fonts/noto-sans-regular.woff ... 
2018-04-04 18:09:11 +0000  212780 bytes for ./www/assets/fonts/noto-sans-regular.woff
copying file ./www/assets/fonts/roboto-medium.woff ... 
2018-04-04 18:09:11 +0000  13248 bytes for ./www/assets/fonts/roboto-medium.woff
copying file ./www/assets/fonts/roboto-bold.woff ... 
2018-04-04 18:09:11 +0000  13348 bytes for ./www/assets/fonts/roboto-bold.woff
copying file ./www/assets/fonts/noto-sans-regular.ttf ... 
2018-04-04 18:09:11 +0000  414820 bytes for ./www/assets/fonts/noto-sans-regular.ttf
2018-04-04 18:09:11 +0000  copying file ./www/assets/fonts/Montserrat/300/Montserrat-Light.ttf ... 
2018-04-04 18:09:11 +0000  259416 bytes for ./www/assets/fonts/Montserrat/300/Montserrat-Light.ttf
copying file ./www/assets/fonts/Montserrat/400/Montserrat-Regular.ttf ... 
2018-04-04 18:09:11 +0000  263192 bytes for ./www/assets/fonts/Montserrat/400/Montserrat-Regular.ttf
2018-04-04 18:09:11 +0000  copying file ./www/assets/fonts/Montserrat/500/Montserrat-Medium.ttf ... 
2018-04-04 18:09:11 +0000  260236 bytes for ./www/assets/fonts/Montserrat/500/Montserrat-Medium.ttf
2018-04-04 18:09:11 +0000  copying file ./www/assets/fonts/Montserrat/200/Montserrat-ExtraLight.ttf ... 
2018-04-04 18:09:11 +0000  259888 bytes for ./www/assets/fonts/Montserrat/200/Montserrat-ExtraLight.ttf
2018-04-04 18:09:11 +0000  copying file ./www/assets/fonts/Montserrat/600/Montserrat-SemiBold.ttf ... 
2018-04-04 18:09:11 +0000  260936 bytes for ./www/assets/fonts/Montserrat/600/Montserrat-SemiBold.ttf
copying file ./www/assets/fonts/ionicons.svg ... 
2018-04-04 18:09:11 +0000  400219 bytes for ./www/assets/fonts/ionicons.svg
copying file ./www/assets/fonts/roboto-bold.ttf ... 
2018-04-04 18:09:11 +0000  20040 bytes for ./www/assets/fonts/roboto-bold.ttf
2018-04-04 18:09:11 +0000  copying file ./www/assets/fonts/ionicons.woff2 ... 
2018-04-04 18:09:11 +0000  61020 bytes for ./www/assets/fonts/ionicons.woff2
copying file ./www/assets/fonts/ionicons.scss ... 
2018-04-04 18:09:11 +0000  1152 bytes for ./www/assets/fonts/ionicons.scss
2018-04-04 18:09:11 +0000  copying file ./www/assets/fonts/montserrat.woff2 ... 
2018-04-04 18:09:11 +0000  13248 bytes for ./www/assets/fonts/montserrat.woff2
2018-04-04 18:09:11 +0000  copying file ./www/wk-plugin.js ... 
2018-04-04 18:09:11 +0000  1779 bytes for ./www/wk-plugin.js
2018-04-04 18:09:11 +0000  copying file ./archived-expanded-entitlements.xcent ... 
2018-04-04 18:09:11 +0000  181 bytes for ./archived-expanded-entitlements.xcent
2018-04-04 18:09:11 +0000  copying file ./LaunchImage-Landscape~ipad.png ... 
2018-04-04 18:09:11 +0000  27542 bytes for ./LaunchImage-Landscape~ipad.png
2018-04-04 18:09:11 +0000  copying file ./LaunchImage-700-Portrait~ipad.png ... 
2018-04-04 18:09:11 +0000  27730 bytes for ./LaunchImage-700-Portrait~ipad.png
copying file ./Assets.car ... 
2018-04-04 18:09:11 +0000  255240 bytes for ./Assets.car
copying file ./LaunchImage-800-Portrait-736h@3x.png ... 
2018-04-04 18:09:11 +0000  55589 bytes for ./LaunchImage-800-Portrait-736h@3x.png
2018-04-04 18:09:11 +0000  copying file ./CDVLaunchScreen.storyboardc/01J-lp-oVM-view-Ze5-6b-2t3.nib ... 
2018-04-04 18:09:11 +0000  2285 bytes for ./CDVLaunchScreen.storyboardc/01J-lp-oVM-view-Ze5-6b-2t3.nib
copying file ./CDVLaunchScreen.storyboardc/UIViewController-01J-lp-oVM.nib ... 
2018-04-04 18:09:11 +0000  832 bytes for ./CDVLaunchScreen.storyboardc/UIViewController-01J-lp-oVM.nib
2018-04-04 18:09:11 +0000  copying file ./CDVLaunchScreen.storyboardc/Info.plist ... 
2018-04-04 18:09:11 +0000  258 bytes for ./CDVLaunchScreen.storyboardc/Info.plist
2018-04-04 18:09:11 +0000  copying file ./LaunchImage-700@2x.png ... 
2018-04-04 18:09:11 +0000  22897 bytes for ./LaunchImage-700@2x.png
copying file ./LaunchImage-700-568h@2x.png ... 
2018-04-04 18:09:11 +0000  42752 bytes for ./LaunchImage-700-568h@2x.png
copying file ./LaunchImage-Landscape@2x~ipad.png ... 
2018-04-04 18:09:11 +0000  144364 bytes for ./LaunchImage-Landscape@2x~ipad.png
copying file ./LaunchImage-700-Landscape@2x~ipad.png ... 
2018-04-04 18:09:11 +0000  144364 bytes for ./LaunchImage-700-Landscape@2x~ipad.png
2018-04-04 18:09:11 +0000  copying file ./LaunchImage.png ... 
2018-04-04 18:09:11 +0000  9333 bytes for ./LaunchImage.png
copying file ./embedded.mobileprovision ... 
2018-04-04 18:09:11 +0000  10412 bytes for ./embedded.mobileprovision
copying file ./LaunchImage-800-Landscape-736h@3x.png ... 
2018-04-04 18:09:11 +0000  54731 bytes for ./LaunchImage-800-Landscape-736h@3x.png
copying file ./LaunchImage-700-Portrait@2x~ipad.png ... 
2018-04-04 18:09:11 +0000  151156 bytes for ./LaunchImage-700-Portrait@2x~ipad.png
copying file ./LaunchImage-700-Landscape~ipad.png ... 
2018-04-04 18:09:11 +0000  27542 bytes for ./LaunchImage-700-Landscape~ipad.png
2018-04-04 18:09:11 +0000  copying file ./Info.plist ... 
2018-04-04 18:09:11 +0000  2154 bytes for ./Info.plist
copying file ./PkgInfo ... 
2018-04-04 18:09:11 +0000  8 bytes for ./PkgInfo
2018-04-04 18:09:11 +0000  2018-04-04 18:09:11 +0000  

2018-04-04 18:09:11 +0000 [MT] /usr/bin/ditto exited with 0
2018-04-04 18:09:11 +0000  2018-04-04 18:09:11 +0000  

2018-04-04 18:09:11 +0000 [MT] Processing step: IDEDistributionEmbedProfileStep
2018-04-04 18:09:11 +0000 [MT] Processing step: IDEDistributionAppThinningPlistStep
2018-04-04 18:09:11 +0000 [MT] Skipping step: IDEDistributionAppThinningPlistStep because it said so
2018-04-04 18:09:11 +0000 [MT] Processing step: IDEDistributionCompileBitcodeStep
2018-04-04 18:09:11 +0000 [MT] Skipping step: IDEDistributionCompileBitcodeStep because it said so
2018-04-04 18:09:11 +0000 [MT] Processing step: IDEDistributionCodeSlimmingStep
2018-04-04 18:09:11 +0000 [MT] Processing step: IDEDistributionCopyBCSymbolMapsStep
2018-04-04 18:09:11 +0000 [MT] Skipping step: IDEDistributionCopyBCSymbolMapsStep because it said so
2018-04-04 18:09:11 +0000 [MT] Processing step: IDEDistributionSymbolsStep
2018-04-04 18:09:11 +0000 [MT] Skipping step: IDEDistributionSymbolsStep because it said so
2018-04-04 18:09:11 +0000 [MT] Processing step: IDEDistributionAppThinningStep
2018-04-04 18:09:11 +0000 [MT] Skipping step: IDEDistributionAppThinningStep because it said so
2018-04-04 18:09:11 +0000 [MT] Processing step: IDEDistributionODRStep
2018-04-04 18:09:11 +0000 [MT] Processing step: IDEDistributionStripXattrsStep
2018-04-04 18:09:11 +0000 [MT] Running /usr/bin/xattr '-crs' '/var/folders/kb/6s06kg49211138ldfn3kk6yh0000gn/T/XcodeDistPipeline.qiC/Root/Payload/EasyLunch.app'
2018-04-04 18:09:11 +0000  2018-04-04 18:09:11 +0000  

2018-04-04 18:09:11 +0000 [MT] /usr/bin/xattr exited with 02018-04-04 18:09:11 +0000  
2018-04-04 18:09:11 +0000  

2018-04-04 18:09:11 +0000 [MT] Processing step: IDEDistributionCodesignStep
2018-04-04 18:09:11 +0000 [MT] Applying entitlements delta for <IDEDistributionItem: 0x7fb54b59b900 'io.ionic.starter' '<DVTFilePath:0x7fb54b39aa70:'/Applications/MAMP/htdocs/test_carto/digiteld/easy-lunch-carole/EasyLunch/platforms/ios/EasyLunch.xcarchive/Products/Applications/EasyLunch.app'>'> from <IDEiCloudEntitlementsProcessor: 0x7fb54b858320>: {
}
2018-04-04 18:09:11 +0000 [MT] Entitlements for <IDEDistributionItem: 0x7fb54b59b900 'io.ionic.starter' '<DVTFilePath:0x7fb54b39aa70:'/Applications/MAMP/htdocs/test_carto/digiteld/easy-lunch-carole/EasyLunch/platforms/ios/EasyLunch.xcarchive/Products/Applications/EasyLunch.app'>'>: {
    "application-identifier" = "BDH42X36SC.io.ionic.starter";
    "com.apple.developer.team-identifier" = BDH42X36SC;
    "get-task-allow" = 1;
}
2018-04-04 18:09:11 +0000 [MT] Writing entitlements for <IDEDistributionItem: 0x7fb54b59b900 'io.ionic.starter' '<DVTFilePath:0x7fb54b39aa70:'/Applications/MAMP/htdocs/test_carto/digiteld/easy-lunch-carole/EasyLunch/platforms/ios/EasyLunch.xcarchive/Products/Applications/EasyLunch.app'>'> to: /var/folders/kb/6s06kg49211138ldfn3kk6yh0000gn/T/XcodeDistPipeline.qiC/entitlementslNoMBm
2018-04-04 18:09:11 +0000 [MT] Running /usr/bin/codesign '-vvv' '--force' '--sign' '6C1B948145FB565232E2D0B4A5BBA6598C2AE560' '--preserve-metadata=identifier,flags' '--entitlements' '/var/folders/kb/6s06kg49211138ldfn3kk6yh0000gn/T/XcodeDistPipeline.qiC/entitlementslNoMBm' '/var/folders/kb/6s06kg49211138ldfn3kk6yh0000gn/T/XcodeDistPipeline.qiC/Root/Payload/EasyLunch.app'
2018-04-04 18:09:11 +0000  /var/folders/kb/6s06kg49211138ldfn3kk6yh0000gn/T/XcodeDistPipeline.qiC/Root/Payload/EasyLunch.app: replacing existing signature
2018-04-04 18:09:12 +0000  /var/folders/kb/6s06kg49211138ldfn3kk6yh0000gn/T/XcodeDistPipeline.qiC/Root/Payload/EasyLunch.app: signed app bundle with Mach-O universal (armv7 arm64) [io.ionic.starter]
2018-04-04 18:09:12 +0000  2018-04-04 18:09:12 +0000  

2018-04-04 18:09:12 +0000  2018-04-04 18:09:12 +0000  

2018-04-04 18:09:12 +0000  
2018-04-04 18:09:12 +0000  
2018-04-04 18:09:12 +0000  
2018-04-04 18:09:12 +0000  
2018-04-04 18:09:12 +0000  
2018-04-04 18:09:12 +0000  
2018-04-04 18:09:12 +0000  
2018-04-04 18:09:12 +0000  
2018-04-04 18:09:12 +0000  
2018-04-04 18:09:12 +0000  
2018-04-04 18:09:12 +0000  2018-04-04 18:09:12 +0000  

2018-04-04 18:09:12 +0000  
2018-04-04 18:09:12 +0000 [MT] /usr/bin/codesign exited with 0
2018-04-04 18:09:12 +0000  
2018-04-04 18:09:12 +0000 [MT] Processing step: IDEDistributionStreamingZipItemStep
2018-04-04 18:09:12 +0000 [MT] Skipping step: IDEDistributionStreamingZipItemStep because it said so
2018-04-04 18:09:12 +0000 [MT] Processing step: IDEDistributionCreateIPAStep
2018-04-04 18:09:12 +0000 [MT] Running /usr/bin/ditto '-V' '-c' '-k' '--norsrc' '/var/folders/kb/6s06kg49211138ldfn3kk6yh0000gn/T/XcodeDistPipeline.qiC/Root' '/var/folders/kb/6s06kg49211138ldfn3kk6yh0000gn/T/XcodeDistPipeline.qiC/Packages/EasyLunch.ipa'
2018-04-04 18:09:12 +0000  >>> Copying /var/folders/kb/6s06kg49211138ldfn3kk6yh0000gn/T/XcodeDistPipeline.qiC/Root 
2018-04-04 18:09:12 +0000  copying file ./Payload/EasyLunch.app/_CodeSignature/CodeResources ... 
2018-04-04 18:09:12 +0000  45469 bytes for ./Payload/EasyLunch.app/_CodeSignature/CodeResources
2018-04-04 18:09:12 +0000  copying file ./Payload/EasyLunch.app/LaunchImage@2x.png ... 
2018-04-04 18:09:12 +0000  22897 bytes for ./Payload/EasyLunch.app/LaunchImage@2x.png
copying file ./Payload/EasyLunch.app/MainViewController.nib ... 
2018-04-04 18:09:12 +0000  943 bytes for ./Payload/EasyLunch.app/MainViewController.nib
2018-04-04 18:09:12 +0000  copying file ./Payload/EasyLunch.app/LaunchImage-568h@2x.png ... 
2018-04-04 18:09:12 +0000  42752 bytes for ./Payload/EasyLunch.app/LaunchImage-568h@2x.png
copying file ./Payload/EasyLunch.app/LaunchImage-800-667h@2x.png ... 
2018-04-04 18:09:12 +0000  54257 bytes for ./Payload/EasyLunch.app/LaunchImage-800-667h@2x.png
copying file ./Payload/EasyLunch.app/LaunchImage-Portrait@2x~ipad.png ... 
2018-04-04 18:09:12 +0000  151156 bytes for ./Payload/EasyLunch.app/LaunchImage-Portrait@2x~ipad.png
2018-04-04 18:09:12 +0000  copying file ./Payload/EasyLunch.app/LaunchImage-Portrait~ipad.png ... 
2018-04-04 18:09:12 +0000  27730 bytes for ./Payload/EasyLunch.app/LaunchImage-Portrait~ipad.png
copying file ./Payload/EasyLunch.app/EasyLunch ... 
2018-04-04 18:09:12 +0000  2719344 bytes for ./Payload/EasyLunch.app/EasyLunch
copying file ./Payload/EasyLunch.app/config.xml ... 
2018-04-04 18:09:12 +0000  6771 bytes for ./Payload/EasyLunch.app/config.xml
copying file ./Payload/EasyLunch.app/www/index.html ... 
1939 bytes for ./Payload/EasyLunch.app/www/index.html
copying file ./Payload/EasyLunch.app/www/cordova.js ... 
2018-04-04 18:09:12 +0000  78044 bytes for ./Payload/EasyLunch.app/www/cordova.js
2018-04-04 18:09:12 +0000  copying file ./Payload/EasyLunch.app/www/plugins/cordova-plugin-ionic-webview/src/www/ios/ios-wkwebview-exec.js ... 
2018-04-04 18:09:12 +0000  6167 bytes for ./Payload/EasyLunch.app/www/plugins/cordova-plugin-ionic-webview/src/www/ios/ios-wkwebview-exec.js
2018-04-04 18:09:12 +0000  copying file ./Payload/EasyLunch.app/www/plugins/cordova-plugin-device/www/device.js ... 
2018-04-04 18:09:12 +0000  3070 bytes for ./Payload/EasyLunch.app/www/plugins/cordova-plugin-device/www/device.js
2018-04-04 18:09:12 +0000  copying file ./Payload/EasyLunch.app/www/plugins/cordova-plugin-geolocation/www/geolocation.js ... 
2018-04-04 18:09:12 +0000  8660 bytes for ./Payload/EasyLunch.app/www/plugins/cordova-plugin-geolocation/www/geolocation.js
copying file ./Payload/EasyLunch.app/www/plugins/cordova-plugin-geolocation/www/PositionError.js ... 
2018-04-04 18:09:12 +0000  1377 bytes for ./Payload/EasyLunch.app/www/plugins/cordova-plugin-geolocation/www/PositionError.js
2018-04-04 18:09:12 +0000  copying file ./Payload/EasyLunch.app/www/plugins/cordova-plugin-geolocation/www/Coordinates.js ... 
2018-04-04 18:09:12 +0000  2076 bytes for ./Payload/EasyLunch.app/www/plugins/cordova-plugin-geolocation/www/Coordinates.js
copying file ./Payload/EasyLunch.app/www/plugins/cordova-plugin-geolocation/www/Position.js ... 
2018-04-04 18:09:12 +0000  1359 bytes for ./Payload/EasyLunch.app/www/plugins/cordova-plugin-geolocation/www/Position.js
2018-04-04 18:09:12 +0000  copying file ./Payload/EasyLunch.app/www/plugins/cordova-sqlite-storage/www/SQLitePlugin.js ... 
2018-04-04 18:09:12 +0000  32970 bytes for ./Payload/EasyLunch.app/www/plugins/cordova-sqlite-storage/www/SQLitePlugin.js
2018-04-04 18:09:12 +0000  copying file ./Payload/EasyLunch.app/www/plugins/ionic-plugin-keyboard/www/ios/keyboard.js ... 
1108 bytes for ./Payload/EasyLunch.app/www/plugins/ionic-plugin-keyboard/www/ios/keyboard.js
copying file ./Payload/EasyLunch.app/www/plugins/cordova-plugin-statusbar/www/statusbar.js ... 
3376 bytes for ./Payload/EasyLunch.app/www/plugins/cordova-plugin-statusbar/www/statusbar.js
copying file ./Payload/EasyLunch.app/www/plugins/cordova-plugin-splashscreen/www/splashscreen.js ... 
2018-04-04 18:09:12 +0000  1173 bytes for ./Payload/EasyLunch.app/www/plugins/cordova-plugin-splashscreen/www/splashscreen.js
copying file ./Payload/EasyLunch.app/www/bouncemarker.js ... 
2018-04-04 18:09:12 +0000  6787 bytes for ./Payload/EasyLunch.app/www/bouncemarker.js
copying file ./Payload/EasyLunch.app/www/leaflet.smoothmarkerbouncing.js ... 
2018-04-04 18:09:12 +0000  33821 bytes for ./Payload/EasyLunch.app/www/leaflet.smoothmarkerbouncing.js
2018-04-04 18:09:12 +0000  copying file ./Payload/EasyLunch.app/www/cordova-js-src/exec.js ... 
2018-04-04 18:09:12 +0000  8877 bytes for ./Payload/EasyLunch.app/www/cordova-js-src/exec.js
copying file ./Payload/EasyLunch.app/www/cordova-js-src/plugin/ios/logger.js ... 
2018-04-04 18:09:12 +0000  10233 bytes for ./Payload/EasyLunch.app/www/cordova-js-src/plugin/ios/logger.js
copying file ./Payload/EasyLunch.app/www/cordova-js-src/plugin/ios/console.js ... 
2018-04-04 18:09:12 +0000  6822 bytes for ./Payload/EasyLunch.app/www/cordova-js-src/plugin/ios/console.js
copying file ./Payload/EasyLunch.app/www/cordova-js-src/platform.js ... 
2018-04-04 18:09:12 +0000  1168 bytes for ./Payload/EasyLunch.app/www/cordova-js-src/platform.js
copying file ./Payload/EasyLunch.app/www/manifest.json ... 
266 bytes for ./Payload/EasyLunch.app/www/manifest.json
copying file ./Payload/EasyLunch.app/www/cordova_plugins.js ... 
2707 bytes for ./Payload/EasyLunch.app/www/cordova_plugins.js
copying file ./Payload/EasyLunch.app/www/service-worker.js ... 
741 bytes for ./Payload/EasyLunch.app/www/service-worker.js
copying file ./Payload/EasyLunch.app/www/build/main.js.map ... 
2018-04-04 18:09:12 +0000  118381 bytes for ./Payload/EasyLunch.app/www/build/main.js.map
copying file ./Payload/EasyLunch.app/www/build/main.css.map ... 
2018-04-04 18:09:12 +0000  4 bytes for ./Payload/EasyLunch.app/www/build/main.css.map
copying file ./Payload/EasyLunch.app/www/build/polyfills.js ... 
2018-04-04 18:09:12 +0000  97180 bytes for ./Payload/EasyLunch.app/www/build/polyfills.js
copying file ./Payload/EasyLunch.app/www/build/main.css ... 
2018-04-04 18:09:12 +0000  585223 bytes for ./Payload/EasyLunch.app/www/build/main.css
copying file ./Payload/EasyLunch.app/www/build/vendor.js ... 
2018-04-04 18:09:12 +0000  5691279 bytes for ./Payload/EasyLunch.app/www/build/vendor.js
2018-04-04 18:09:12 +0000  copying file ./Payload/EasyLunch.app/www/build/main.js ... 
2018-04-04 18:09:12 +0000  141780 bytes for ./Payload/EasyLunch.app/www/build/main.js
copying file ./Payload/EasyLunch.app/www/build/sw-toolbox.js ... 
2018-04-04 18:09:12 +0000  15793 bytes for ./Payload/EasyLunch.app/www/build/sw-toolbox.js
copying file ./Payload/EasyLunch.app/www/build/vendor.js.map ... 
2018-04-04 18:09:12 +0000  6723198 bytes for ./Payload/EasyLunch.app/www/build/vendor.js.map
2018-04-04 18:09:12 +0000  copying file ./Payload/EasyLunch.app/www/assets/imgs/pattern-little.svg ... 
4047 bytes for ./Payload/EasyLunch.app/www/assets/imgs/pattern-little.svg
copying file ./Payload/EasyLunch.app/www/assets/imgs/pattern.svg ... 
8675 bytes for ./Payload/EasyLunch.app/www/assets/imgs/pattern.svg
copying file ./Payload/EasyLunch.app/www/assets/imgs/code-empty.png ... 
2018-04-04 18:09:12 +0000  39910 bytes for ./Payload/EasyLunch.app/www/assets/imgs/code-empty.png
copying file ./Payload/EasyLunch.app/www/assets/imgs/pin.png ... 
2018-04-04 18:09:12 +0000  1059 bytes for ./Payload/EasyLunch.app/www/assets/imgs/pin.png
copying file ./Payload/EasyLunch.app/www/assets/imgs/carte.svg ... 
3193 bytes for ./Payload/EasyLunch.app/www/assets/imgs/carte.svg
copying file ./Payload/EasyLunch.app/www/assets/imgs/food.jpg ... 
2018-04-04 18:09:12 +0000  1027121 bytes for ./Payload/EasyLunch.app/www/assets/imgs/food.jpg
2018-04-04 18:09:12 +0000  copying file ./Payload/EasyLunch.app/www/assets/imgs/bg-login.png ... 
2018-04-04 18:09:12 +0000  40095 bytes for ./Payload/EasyLunch.app/www/assets/imgs/bg-login.png
2018-04-04 18:09:12 +0000  copying file ./Payload/EasyLunch.app/www/assets/imgs/logo.png ... 
2018-04-04 18:09:12 +0000  39757 bytes for ./Payload/EasyLunch.app/www/assets/imgs/logo.png
2018-04-04 18:09:12 +0000  copying file ./Payload/EasyLunch.app/www/assets/imgs/code-complete.png ... 
2018-04-04 18:09:12 +0000  58750 bytes for ./Payload/EasyLunch.app/www/assets/imgs/code-complete.png
2018-04-04 18:09:12 +0000  copying file ./Payload/EasyLunch.app/www/assets/icon/users2.svg ... 
1617 bytes for ./Payload/EasyLunch.app/www/assets/icon/users2.svg
copying file ./Payload/EasyLunch.app/www/assets/icon/mes-infos.svg ... 
1010 bytes for ./Payload/EasyLunch.app/www/assets/icon/mes-infos.svg
copying file ./Payload/EasyLunch.app/www/assets/icon/jeparticipe-orange.svg ... 
1454 bytes for ./Payload/EasyLunch.app/www/assets/icon/jeparticipe-orange.svg
copying file ./Payload/EasyLunch.app/www/assets/icon/favicon.ico ... 
1981 bytes for ./Payload/EasyLunch.app/www/assets/icon/favicon.ico
copying file ./Payload/EasyLunch.app/www/assets/icon/jeparticipe-outline.svg ... 
2018-04-04 18:09:12 +0000  1232 bytes for ./Payload/EasyLunch.app/www/assets/icon/jeparticipe-outline.svg
2018-04-04 18:09:12 +0000  copying file ./Payload/EasyLunch.app/www/assets/icon/compte-orange.svg ... 
2018-04-04 18:09:12 +0000  1218 bytes for ./Payload/EasyLunch.app/www/assets/icon/compte-orange.svg
copying file ./Payload/EasyLunch.app/www/assets/icon/paiement.svg ... 
2018-04-04 18:09:12 +0000  606 bytes for ./Payload/EasyLunch.app/www/assets/icon/paiement.svg
copying file ./Payload/EasyLunch.app/www/assets/icon/logo-easylunch.svg ... 
2018-04-04 18:09:12 +0000  7959 bytes for ./Payload/EasyLunch.app/www/assets/icon/logo-easylunch.svg
2018-04-04 18:09:12 +0000  copying file ./Payload/EasyLunch.app/www/assets/icon/jorganise-outline.svg ... 
2018-04-04 18:09:12 +0000  1251 bytes for ./Payload/EasyLunch.app/www/assets/icon/jorganise-outline.svg
2018-04-04 18:09:12 +0000  copying file ./Payload/EasyLunch.app/www/assets/icon/reservations-outline.svg ... 
2018-04-04 18:09:12 +0000  1006 bytes for ./Payload/EasyLunch.app/www/assets/icon/reservations-outline.svg
copying file ./Payload/EasyLunch.app/www/assets/icon/compte-outline.svg ... 
2018-04-04 18:09:12 +0000  996 bytes for ./Payload/EasyLunch.app/www/assets/icon/compte-outline.svg
2018-04-04 18:09:12 +0000  copying file ./Payload/EasyLunch.app/www/assets/icon/envelope.svg ... 
2018-04-04 18:09:12 +0000  577 bytes for ./Payload/EasyLunch.app/www/assets/icon/envelope.svg
copying file ./Payload/EasyLunch.app/www/assets/icon/pin.svg ... 
2018-04-04 18:09:12 +0000  2058 bytes for ./Payload/EasyLunch.app/www/assets/icon/pin.svg
2018-04-04 18:09:12 +0000  copying file ./Payload/EasyLunch.app/www/assets/icon/Google+.svg ... 
2018-04-04 18:09:12 +0000  22118 bytes for ./Payload/EasyLunch.app/www/assets/icon/Google+.svg
copying file ./Payload/EasyLunch.app/www/assets/icon/a-propos.svg ... 
2018-04-04 18:09:12 +0000  1124 bytes for ./Payload/EasyLunch.app/www/assets/icon/a-propos.svg
copying file ./Payload/EasyLunch.app/www/assets/icon/jorganise-orange.svg ... 
1251 bytes for ./Payload/EasyLunch.app/www/assets/icon/jorganise-orange.svg
copying file ./Payload/EasyLunch.app/www/assets/icon/check.svg ... 
327 bytes for ./Payload/EasyLunch.app/www/assets/icon/check.svg
copying file ./Payload/EasyLunch.app/www/assets/icon/email.svg ... 
2018-04-04 18:09:12 +0000  577 bytes for ./Payload/EasyLunch.app/www/assets/icon/email.svg
copying file ./Payload/EasyLunch.app/www/assets/icon/clock2.svg ... 
2018-04-04 18:09:12 +0000  554 bytes for ./Payload/EasyLunch.app/www/assets/icon/clock2.svg
copying file ./Payload/EasyLunch.app/www/assets/icon/add.svg ... 
2018-04-04 18:09:12 +0000  268 bytes for ./Payload/EasyLunch.app/www/assets/icon/add.svg
2018-04-04 18:09:12 +0000  copying file ./Payload/EasyLunch.app/www/assets/icon/cloche.svg ... 
2018-04-04 18:09:12 +0000  1124 bytes for ./Payload/EasyLunch.app/www/assets/icon/cloche.svg
copying file ./Payload/EasyLunch.app/www/assets/icon/arrow-left-grey.svg ... 
2018-04-04 18:09:12 +0000  358 bytes for ./Payload/EasyLunch.app/www/assets/icon/arrow-left-grey.svg
copying file ./Payload/EasyLunch.app/www/assets/icon/compte.svg ... 
2018-04-04 18:09:12 +0000  996 bytes for ./Payload/EasyLunch.app/www/assets/icon/compte.svg
copying file ./Payload/EasyLunch.app/www/assets/icon/platdujour.svg ... 
2018-04-04 18:09:12 +0000  1195 bytes for ./Payload/EasyLunch.app/www/assets/icon/platdujour.svg
2018-04-04 18:09:12 +0000  copying file ./Payload/EasyLunch.app/www/assets/icon/Facebook.svg ... 
2018-04-04 18:09:12 +0000  1107 bytes for ./Payload/EasyLunch.app/www/assets/icon/Facebook.svg
copying file ./Payload/EasyLunch.app/www/assets/icon/reservations.svg ... 
2018-04-04 18:09:12 +0000  1006 bytes for ./Payload/EasyLunch.app/www/assets/icon/reservations.svg
copying file ./Payload/EasyLunch.app/www/assets/icon/faq.svg ... 
2018-04-04 18:09:12 +0000  1987 bytes for ./Payload/EasyLunch.app/www/assets/icon/faq.svg
copying file ./Payload/EasyLunch.app/www/assets/icon/clock.svg ... 
2018-04-04 18:09:12 +0000  551 bytes for ./Payload/EasyLunch.app/www/assets/icon/clock.svg
2018-04-04 18:09:12 +0000  copying file ./Payload/EasyLunch.app/www/assets/icon/jorganise.svg ... 
2018-04-04 18:09:12 +0000  1177 bytes for ./Payload/EasyLunch.app/www/assets/icon/jorganise.svg
copying file ./Payload/EasyLunch.app/www/assets/icon/phone.svg ... 
2018-04-04 18:09:12 +0000  1324 bytes for ./Payload/EasyLunch.app/www/assets/icon/phone.svg
copying file ./Payload/EasyLunch.app/www/assets/icon/jeparticipe.svg ... 
2018-04-04 18:09:12 +0000  1232 bytes for ./Payload/EasyLunch.app/www/assets/icon/jeparticipe.svg
copying file ./Payload/EasyLunch.app/www/assets/icon/pin2.svg ... 
2055 bytes for ./Payload/EasyLunch.app/www/assets/icon/pin2.svg
copying file ./Payload/EasyLunch.app/www/assets/icon/remove.svg ... 
2018-04-04 18:09:12 +0000  212 bytes for ./Payload/EasyLunch.app/www/assets/icon/remove.svg
copying file ./Payload/EasyLunch.app/www/assets/icon/error.svg ... 
2018-04-04 18:09:12 +0000  947 bytes for ./Payload/EasyLunch.app/www/assets/icon/error.svg
copying file ./Payload/EasyLunch.app/www/assets/icon/check3.svg ... 
2018-04-04 18:09:12 +0000  336 bytes for ./Payload/EasyLunch.app/www/assets/icon/check3.svg
copying file ./Payload/EasyLunch.app/www/assets/icon/check2.svg ... 
2018-04-04 18:09:12 +0000  330 bytes for ./Payload/EasyLunch.app/www/assets/icon/check2.svg
copying file ./Payload/EasyLunch.app/www/assets/icon/password.svg ... 
2018-04-04 18:09:12 +0000  548 bytes for ./Payload/EasyLunch.app/www/assets/icon/password.svg
2018-04-04 18:09:12 +0000  copying file ./Payload/EasyLunch.app/www/assets/icon/users.svg ... 
2018-04-04 18:09:12 +0000  1614 bytes for ./Payload/EasyLunch.app/www/assets/icon/users.svg
copying file ./Payload/EasyLunch.app/www/assets/icon/arrow-left-white.svg ... 
2018-04-04 18:09:12 +0000  759 bytes for ./Payload/EasyLunch.app/www/assets/icon/arrow-left-white.svg
copying file ./Payload/EasyLunch.app/www/assets/icon/reservations-orange.svg ... 
2018-04-04 18:09:12 +0000  1228 bytes for ./Payload/EasyLunch.app/www/assets/icon/reservations-orange.svg
copying file ./Payload/EasyLunch.app/www/assets/fonts/roboto-medium.ttf ... 
2018-04-04 18:09:12 +0000  19752 bytes for ./Payload/EasyLunch.app/www/assets/fonts/roboto-medium.ttf
copying file ./Payload/EasyLunch.app/www/assets/fonts/roboto-light.woff2 ... 
2018-04-04 18:09:12 +0000  10220 bytes for ./Payload/EasyLunch.app/www/assets/fonts/roboto-light.woff2
copying file ./Payload/EasyLunch.app/www/assets/fonts/roboto-light.ttf ... 
2018-04-04 18:09:12 +0000  19908 bytes for ./Payload/EasyLunch.app/www/assets/fonts/roboto-light.ttf
2018-04-04 18:09:12 +0000  copying file ./Payload/EasyLunch.app/www/assets/fonts/roboto-regular.woff2 ... 
2018-04-04 18:09:12 +0000  10196 bytes for ./Payload/EasyLunch.app/www/assets/fonts/roboto-regular.woff2
copying file ./Payload/EasyLunch.app/www/assets/fonts/roboto-regular.woff ... 
2018-04-04 18:09:12 +0000  13308 bytes for ./Payload/EasyLunch.app/www/assets/fonts/roboto-regular.woff
copying file ./Payload/EasyLunch.app/www/assets/fonts/noto-sans-bold.ttf ... 
2018-04-04 18:09:12 +0000  415132 bytes for ./Payload/EasyLunch.app/www/assets/fonts/noto-sans-bold.ttf
copying file ./Payload/EasyLunch.app/www/assets/fonts/ionicons.eot ... 
2018-04-04 18:09:12 +0000  144114 bytes for ./Payload/EasyLunch.app/www/assets/fonts/ionicons.eot
copying file ./Payload/EasyLunch.app/www/assets/fonts/noto-sans-bold.woff ... 
2018-04-04 18:09:12 +0000  211888 bytes for ./Payload/EasyLunch.app/www/assets/fonts/noto-sans-bold.woff
copying file ./Payload/EasyLunch.app/www/assets/fonts/roboto-light.woff ... 
2018-04-04 18:09:12 +0000  13360 bytes for ./Payload/EasyLunch.app/www/assets/fonts/roboto-light.woff
copying file ./Payload/EasyLunch.app/www/assets/fonts/roboto-medium.woff2 ... 
10192 bytes for ./Payload/EasyLunch.app/www/assets/fonts/roboto-medium.woff2
copying file ./Payload/EasyLunch.app/www/assets/fonts/ionicons.woff ... 
2018-04-04 18:09:12 +0000  80356 bytes for ./Payload/EasyLunch.app/www/assets/fonts/ionicons.woff
copying file ./Payload/EasyLunch.app/www/assets/fonts/roboto-regular.ttf ... 
2018-04-04 18:09:12 +0000  19876 bytes for ./Payload/EasyLunch.app/www/assets/fonts/roboto-regular.ttf
2018-04-04 18:09:12 +0000  copying file ./Payload/EasyLunch.app/www/assets/fonts/ionicons.ttf ... 
2018-04-04 18:09:13 +0000  143936 bytes for ./Payload/EasyLunch.app/www/assets/fonts/ionicons.ttf
2018-04-04 18:09:13 +0000  copying file ./Payload/EasyLunch.app/www/assets/fonts/roboto-bold.woff2 ... 
10212 bytes for ./Payload/EasyLunch.app/www/assets/fonts/roboto-bold.woff2
copying file ./Payload/EasyLunch.app/www/assets/fonts/noto-sans.scss ... 
1282 bytes for ./Payload/EasyLunch.app/www/assets/fonts/noto-sans.scss
copying file ./Payload/EasyLunch.app/www/assets/fonts/roboto.scss ... 
1458 bytes for ./Payload/EasyLunch.app/www/assets/fonts/roboto.scss
copying file ./Payload/EasyLunch.app/www/assets/fonts/montserrat.1.woff2 ... 
2018-04-04 18:09:13 +0000  13248 bytes for ./Payload/EasyLunch.app/www/assets/fonts/montserrat.1.woff2
copying file ./Payload/EasyLunch.app/www/assets/fonts/noto-sans-regular.woff ... 
2018-04-04 18:09:13 +0000  212780 bytes for ./Payload/EasyLunch.app/www/assets/fonts/noto-sans-regular.woff
copying file ./Payload/EasyLunch.app/www/assets/fonts/roboto-medium.woff ... 
2018-04-04 18:09:13 +0000  13248 bytes for ./Payload/EasyLunch.app/www/assets/fonts/roboto-medium.woff
copying file ./Payload/EasyLunch.app/www/assets/fonts/roboto-bold.woff ... 
2018-04-04 18:09:13 +0000  13348 bytes for ./Payload/EasyLunch.app/www/assets/fonts/roboto-bold.woff
copying file ./Payload/EasyLunch.app/www/assets/fonts/noto-sans-regular.ttf ... 
2018-04-04 18:09:13 +0000  414820 bytes for ./Payload/EasyLunch.app/www/assets/fonts/noto-sans-regular.ttf
2018-04-04 18:09:13 +0000  copying file ./Payload/EasyLunch.app/www/assets/fonts/Montserrat/300/Montserrat-Light.ttf ... 
2018-04-04 18:09:13 +0000  259416 bytes for ./Payload/EasyLunch.app/www/assets/fonts/Montserrat/300/Montserrat-Light.ttf
2018-04-04 18:09:13 +0000  copying file ./Payload/EasyLunch.app/www/assets/fonts/Montserrat/400/Montserrat-Regular.ttf ... 
2018-04-04 18:09:13 +0000  263192 bytes for ./Payload/EasyLunch.app/www/assets/fonts/Montserrat/400/Montserrat-Regular.ttf
2018-04-04 18:09:13 +0000  copying file ./Payload/EasyLunch.app/www/assets/fonts/Montserrat/500/Montserrat-Medium.ttf ... 
2018-04-04 18:09:13 +0000  260236 bytes for ./Payload/EasyLunch.app/www/assets/fonts/Montserrat/500/Montserrat-Medium.ttf
2018-04-04 18:09:13 +0000  copying file ./Payload/EasyLunch.app/www/assets/fonts/Montserrat/200/Montserrat-ExtraLight.ttf ... 
2018-04-04 18:09:13 +0000  259888 bytes for ./Payload/EasyLunch.app/www/assets/fonts/Montserrat/200/Montserrat-ExtraLight.ttf
2018-04-04 18:09:13 +0000  copying file ./Payload/EasyLunch.app/www/assets/fonts/Montserrat/600/Montserrat-SemiBold.ttf ... 
2018-04-04 18:09:13 +0000  260936 bytes for ./Payload/EasyLunch.app/www/assets/fonts/Montserrat/600/Montserrat-SemiBold.ttf
2018-04-04 18:09:13 +0000  copying file ./Payload/EasyLunch.app/www/assets/fonts/ionicons.svg ... 
2018-04-04 18:09:13 +0000  400219 bytes for ./Payload/EasyLunch.app/www/assets/fonts/ionicons.svg
copying file ./Payload/EasyLunch.app/www/assets/fonts/roboto-bold.ttf ... 
2018-04-04 18:09:13 +0000  20040 bytes for ./Payload/EasyLunch.app/www/assets/fonts/roboto-bold.ttf
copying file ./Payload/EasyLunch.app/www/assets/fonts/ionicons.woff2 ... 
2018-04-04 18:09:13 +0000  61020 bytes for ./Payload/EasyLunch.app/www/assets/fonts/ionicons.woff2
copying file ./Payload/EasyLunch.app/www/assets/fonts/ionicons.scss ... 
2018-04-04 18:09:13 +0000  1152 bytes for ./Payload/EasyLunch.app/www/assets/fonts/ionicons.scss
copying file ./Payload/EasyLunch.app/www/assets/fonts/montserrat.woff2 ... 
13248 bytes for ./Payload/EasyLunch.app/www/assets/fonts/montserrat.woff2
copying file ./Payload/EasyLunch.app/www/wk-plugin.js ... 
1779 bytes for ./Payload/EasyLunch.app/www/wk-plugin.js
copying file ./Payload/EasyLunch.app/archived-expanded-entitlements.xcent ... 
2018-04-04 18:09:13 +0000  181 bytes for ./Payload/EasyLunch.app/archived-expanded-entitlements.xcent
copying file ./Payload/EasyLunch.app/LaunchImage-Landscape~ipad.png ... 
2018-04-04 18:09:13 +0000  27542 bytes for ./Payload/EasyLunch.app/LaunchImage-Landscape~ipad.png
copying file ./Payload/EasyLunch.app/LaunchImage-700-Portrait~ipad.png ... 
2018-04-04 18:09:13 +0000  27730 bytes for ./Payload/EasyLunch.app/LaunchImage-700-Portrait~ipad.png
copying file ./Payload/EasyLunch.app/Assets.car ... 
2018-04-04 18:09:13 +0000  255240 bytes for ./Payload/EasyLunch.app/Assets.car
copying file ./Payload/EasyLunch.app/LaunchImage-800-Portrait-736h@3x.png ... 
2018-04-04 18:09:13 +0000  55589 bytes for ./Payload/EasyLunch.app/LaunchImage-800-Portrait-736h@3x.png
2018-04-04 18:09:13 +0000  copying file ./Payload/EasyLunch.app/CDVLaunchScreen.storyboardc/01J-lp-oVM-view-Ze5-6b-2t3.nib ... 
2285 bytes for ./Payload/EasyLunch.app/CDVLaunchScreen.storyboardc/01J-lp-oVM-view-Ze5-6b-2t3.nib
copying file ./Payload/EasyLunch.app/CDVLaunchScreen.storyboardc/UIViewController-01J-lp-oVM.nib ... 
832 bytes for ./Payload/EasyLunch.app/CDVLaunchScreen.storyboardc/UIViewController-01J-lp-oVM.nib
copying file ./Payload/EasyLunch.app/CDVLaunchScreen.storyboardc/Info.plist ... 
258 bytes for ./Payload/EasyLunch.app/CDVLaunchScreen.storyboardc/Info.plist
copying file ./Payload/EasyLunch.app/LaunchImage-700@2x.png ... 
2018-04-04 18:09:13 +0000  22897 bytes for ./Payload/EasyLunch.app/LaunchImage-700@2x.png
copying file ./Payload/EasyLunch.app/LaunchImage-700-568h@2x.png ... 
2018-04-04 18:09:13 +0000  42752 bytes for ./Payload/EasyLunch.app/LaunchImage-700-568h@2x.png
copying file ./Payload/EasyLunch.app/LaunchImage-Landscape@2x~ipad.png ... 
2018-04-04 18:09:13 +0000  144364 bytes for ./Payload/EasyLunch.app/LaunchImage-Landscape@2x~ipad.png
copying file ./Payload/EasyLunch.app/LaunchImage-700-Landscape@2x~ipad.png ... 
2018-04-04 18:09:13 +0000  144364 bytes for ./Payload/EasyLunch.app/LaunchImage-700-Landscape@2x~ipad.png
2018-04-04 18:09:13 +0000  copying file ./Payload/EasyLunch.app/LaunchImage.png ... 
9333 bytes for ./Payload/EasyLunch.app/LaunchImage.png
copying file ./Payload/EasyLunch.app/embedded.mobileprovision ... 
2018-04-04 18:09:13 +0000  10412 bytes for ./Payload/EasyLunch.app/embedded.mobileprovision
copying file ./Payload/EasyLunch.app/LaunchImage-800-Landscape-736h@3x.png ... 
2018-04-04 18:09:13 +0000  54731 bytes for ./Payload/EasyLunch.app/LaunchImage-800-Landscape-736h@3x.png
2018-04-04 18:09:13 +0000  copying file ./Payload/EasyLunch.app/LaunchImage-700-Portrait@2x~ipad.png ... 
2018-04-04 18:09:13 +0000  151156 bytes for ./Payload/EasyLunch.app/LaunchImage-700-Portrait@2x~ipad.png
2018-04-04 18:09:13 +0000  copying file ./Payload/EasyLunch.app/LaunchImage-700-Landscape~ipad.png ... 
2018-04-04 18:09:13 +0000  27542 bytes for ./Payload/EasyLunch.app/LaunchImage-700-Landscape~ipad.png
2018-04-04 18:09:13 +0000  copying file ./Payload/EasyLunch.app/Info.plist ... 
2154 bytes for ./Payload/EasyLunch.app/Info.plist
copying file ./Payload/EasyLunch.app/PkgInfo ... 
8 bytes for ./Payload/EasyLunch.app/PkgInfo
2018-04-04 18:09:13 +0000  2018-04-04 18:09:13 +0000  

2018-04-04 18:09:13 +0000 [MT] /usr/bin/ditto exited with 02018-04-04 18:09:13 +0000  

2018-04-04 18:09:13 +0000  2018-04-04 18:09:13 +0000 [MT] Processing step: IDEDistributionCreateManifestStep

